mode: set
github.com/ahmedali6/terraform-provider-dokploy/internal/provider/data_source_ai_models.go:15.52,17.2 1 1
github.com/ahmedali6/terraform-provider-dokploy/internal/provider/data_source_ai_models.go:36.125,38.2 1 0
github.com/ahmedali6/terraform-provider-dokploy/internal/provider/data_source_ai_models.go:40.117,79.2 1 0
github.com/ahmedali6/terraform-provider-dokploy/internal/provider/data_source_ai_models.go:81.128,82.29 1 0
github.com/ahmedali6/terraform-provider-dokploy/internal/provider/data_source_ai_models.go:82.29,84.3 1 0
github.com/ahmedali6/terraform-provider-dokploy/internal/provider/data_source_ai_models.go:85.2,86.9 2 0
github.com/ahmedali6/terraform-provider-dokploy/internal/provider/data_source_ai_models.go:86.9,89.3 2 0
github.com/ahmedali6/terraform-provider-dokploy/internal/provider/data_source_ai_models.go:90.2,90.19 1 0
github.com/ahmedali6/terraform-provider-dokploy/internal/provider/data_source_ai_models.go:93.115,97.33 4 0
github.com/ahmedali6/terraform-provider-dokploy/internal/provider/data_source_ai_models.go:97.33,99.3 1 0
github.com/ahmedali6/terraform-provider-dokploy/internal/provider/data_source_ai_models.go:101.2,102.16 2 0
github.com/ahmedali6/terraform-provider-dokploy/internal/provider/data_source_ai_models.go:102.16,105.3 2 0
github.com/ahmedali6/terraform-provider-dokploy/internal/provider/data_source_ai_models.go:107.2,111.31 4 0
github.com/ahmedali6/terraform-provider-dokploy/internal/provider/data_source_ai_models.go:111.31,119.3 2 0
github.com/ahmedali6/terraform-provider-dokploy/internal/provider/data_source_ai_models.go:121.2,122.35 2 0
github.com/ahmedali6/terraform-provider-dokploy/internal/provider/data_source_ais.go:15.47,17.2 1 1
github.com/ahmedali6/terraform-provider-dokploy/internal/provider/data_source_ais.go:37.120,39.2 1 0
github.com/ahmedali6/terraform-provider-dokploy/internal/provider/data_source_ais.go:41.112,83.2 1 0
github.com/ahmedali6/terraform-provider-dokploy/internal/provider/data_source_ais.go:85.123,86.29 1 0
github.com/ahmedali6/terraform-provider-dokploy/internal/provider/data_source_ais.go:86.29,88.3 1 0
github.com/ahmedali6/terraform-provider-dokploy/internal/provider/data_source_ais.go:89.2,90.9 2 0
github.com/ahmedali6/terraform-provider-dokploy/internal/provider/data_source_ais.go:90.9,93.3 2 0
github.com/ahmedali6/terraform-provider-dokploy/internal/provider/data_source_ais.go:94.2,94.19 1 0
github.com/ahmedali6/terraform-provider-dokploy/internal/provider/data_source_ais.go:97.110,99.16 2 0
github.com/ahmedali6/terraform-provider-dokploy/internal/provider/data_source_ais.go:99.16,102.3 2 0
github.com/ahmedali6/terraform-provider-dokploy/internal/provider/data_source_ais.go:104.2,106.25 2 0
github.com/ahmedali6/terraform-provider-dokploy/internal/provider/data_source_ais.go:106.25,117.3 2 0
github.com/ahmedali6/terraform-provider-dokploy/internal/provider/data_source_ais.go:119.2,120.35 2 0
github.com/ahmedali6/terraform-provider-dokploy/internal/provider/data_source_application.go:15.55,17.2 1 1
github.com/ahmedali6/terraform-provider-dokploy/internal/provider/data_source_application.go:62.128,64.2 1 0
github.com/ahmedali6/terraform-provider-dokploy/internal/provider/data_source_application.go:66.120,152.2 1 0
github.com/ahmedali6/terraform-provider-dokploy/internal/provider/data_source_application.go:154.131,155.29 1 0
github.com/ahmedali6/terraform-provider-dokploy/internal/provider/data_source_application.go:155.29,157.3 1 0
github.com/ahmedali6/terraform-provider-dokploy/internal/provider/data_source_application.go:158.2,159.9 2 0
github.com/ahmedali6/terraform-provider-dokploy/internal/provider/data_source_application.go:159.9,162.3 2 0
github.com/ahmedali6/terraform-provider-dokploy/internal/provider/data_source_application.go:163.2,163.19 1 0
github.com/ahmedali6/terraform-provider-dokploy/internal/provider/data_source_application.go:166.118,170.33 4 0
github.com/ahmedali6/terraform-provider-dokploy/internal/provider/data_source_application.go:170.33,172.3 1 0
github.com/ahmedali6/terraform-provider-dokploy/internal/provider/data_source_application.go:174.2,175.16 2 0
github.com/ahmedali6/terraform-provider-dokploy/internal/provider/data_source_application.go:175.16,178.3 2 0
github.com/ahmedali6/terraform-provider-dokploy/internal/provider/data_source_application.go:181.2,192.27 10 0
github.com/ahmedali6/terraform-provider-dokploy/internal/provider/data_source_application.go:192.27,194.3 1 0
github.com/ahmedali6/terraform-provider-dokploy/internal/provider/data_source_application.go:195.2,195.24 1 0
github.com/ahmedali6/terraform-provider-dokploy/internal/provider/data_source_application.go:195.24,197.3 1 0
github.com/ahmedali6/terraform-provider-dokploy/internal/provider/data_source_application.go:198.2,198.27 1 0
github.com/ahmedali6/terraform-provider-dokploy/internal/provider/data_source_application.go:198.27,200.3 1 0
github.com/ahmedali6/terraform-provider-dokploy/internal/provider/data_source_application.go:201.2,201.27 1 0
github.com/ahmedali6/terraform-provider-dokploy/internal/provider/data_source_application.go:201.27,203.3 1 0
github.com/ahmedali6/terraform-provider-dokploy/internal/provider/data_source_application.go:204.2,204.28 1 0
github.com/ahmedali6/terraform-provider-dokploy/internal/provider/data_source_application.go:204.28,206.3 1 0
github.com/ahmedali6/terraform-provider-dokploy/internal/provider/data_source_application.go:207.2,207.31 1 0
github.com/ahmedali6/terraform-provider-dokploy/internal/provider/data_source_application.go:207.31,209.3 1 0
github.com/ahmedali6/terraform-provider-dokploy/internal/provider/data_source_application.go:210.2,210.26 1 0
github.com/ahmedali6/terraform-provider-dokploy/internal/provider/data_source_application.go:210.26,212.3 1 0
github.com/ahmedali6/terraform-provider-dokploy/internal/provider/data_source_application.go:213.2,213.22 1 0
github.com/ahmedali6/terraform-provider-dokploy/internal/provider/data_source_application.go:213.22,215.3 1 0
github.com/ahmedali6/terraform-provider-dokploy/internal/provider/data_source_application.go:216.2,216.21 1 0
github.com/ahmedali6/terraform-provider-dokploy/internal/provider/data_source_application.go:216.21,218.3 1 0
github.com/ahmedali6/terraform-provider-dokploy/internal/provider/data_source_application.go:221.2,222.39 2 0
github.com/ahmedali6/terraform-provider-dokploy/internal/provider/data_source_application.go:222.39,224.3 1 0
github.com/ahmedali6/terraform-provider-dokploy/internal/provider/data_source_application.go:226.2,227.35 2 0
github.com/ahmedali6/terraform-provider-dokploy/internal/provider/data_source_applications.go:15.56,17.2 1 1
github.com/ahmedali6/terraform-provider-dokploy/internal/provider/data_source_applications.go:43.129,45.2 1 0
github.com/ahmedali6/terraform-provider-dokploy/internal/provider/data_source_applications.go:47.121,113.2 1 0
github.com/ahmedali6/terraform-provider-dokploy/internal/provider/data_source_applications.go:115.132,116.29 1 0
github.com/ahmedali6/terraform-provider-dokploy/internal/provider/data_source_applications.go:116.29,118.3 1 0
github.com/ahmedali6/terraform-provider-dokploy/internal/provider/data_source_applications.go:119.2,120.9 2 0
github.com/ahmedali6/terraform-provider-dokploy/internal/provider/data_source_applications.go:120.9,123.3 2 0
github.com/ahmedali6/terraform-provider-dokploy/internal/provider/data_source_applications.go:124.2,124.19 1 0
github.com/ahmedali6/terraform-provider-dokploy/internal/provider/data_source_applications.go:127.119,131.33 4 0
github.com/ahmedali6/terraform-provider-dokploy/internal/provider/data_source_applications.go:131.33,133.3 1 0
github.com/ahmedali6/terraform-provider-dokploy/internal/provider/data_source_applications.go:135.2,139.111 3 0
github.com/ahmedali6/terraform-provider-dokploy/internal/provider/data_source_applications.go:139.111,141.3 1 0
github.com/ahmedali6/terraform-provider-dokploy/internal/provider/data_source_applications.go:141.8,143.3 1 0
github.com/ahmedali6/terraform-provider-dokploy/internal/provider/data_source_applications.go:145.2,145.16 1 0
github.com/ahmedali6/terraform-provider-dokploy/internal/provider/data_source_applications.go:145.16,148.3 2 0
github.com/ahmedali6/terraform-provider-dokploy/internal/provider/data_source_applications.go:150.2,151.27 2 0
github.com/ahmedali6/terraform-provider-dokploy/internal/provider/data_source_applications.go:151.27,166.28 2 0
github.com/ahmedali6/terraform-provider-dokploy/internal/provider/data_source_applications.go:166.28,168.4 1 0
github.com/ahmedali6/terraform-provider-dokploy/internal/provider/data_source_applications.go:169.3,169.25 1 0
github.com/ahmedali6/terraform-provider-dokploy/internal/provider/data_source_applications.go:169.25,171.4 1 0
github.com/ahmedali6/terraform-provider-dokploy/internal/provider/data_source_applications.go:174.2,175.35 2 0
github.com/ahmedali6/terraform-provider-dokploy/internal/provider/data_source_backup_files.go:15.55,17.2 1 1
github.com/ahmedali6/terraform-provider-dokploy/internal/provider/data_source_backup_files.go:38.128,40.2 1 0
github.com/ahmedali6/terraform-provider-dokploy/internal/provider/data_source_backup_files.go:42.120,88.2 1 0
github.com/ahmedali6/terraform-provider-dokploy/internal/provider/data_source_backup_files.go:90.131,91.29 1 0
github.com/ahmedali6/terraform-provider-dokploy/internal/provider/data_source_backup_files.go:91.29,93.3 1 0
github.com/ahmedali6/terraform-provider-dokploy/internal/provider/data_source_backup_files.go:94.2,95.9 2 0
github.com/ahmedali6/terraform-provider-dokploy/internal/provider/data_source_backup_files.go:95.9,98.3 2 0
github.com/ahmedali6/terraform-provider-dokploy/internal/provider/data_source_backup_files.go:99.2,99.19 1 0
github.com/ahmedali6/terraform-provider-dokploy/internal/provider/data_source_backup_files.go:102.118,106.33 4 0
github.com/ahmedali6/terraform-provider-dokploy/internal/provider/data_source_backup_files.go:106.33,108.3 1 0
github.com/ahmedali6/terraform-provider-dokploy/internal/provider/data_source_backup_files.go:110.2,113.63 4 0
github.com/ahmedali6/terraform-provider-dokploy/internal/provider/data_source_backup_files.go:113.63,115.3 1 0
github.com/ahmedali6/terraform-provider-dokploy/internal/provider/data_source_backup_files.go:117.2,118.16 2 0
github.com/ahmedali6/terraform-provider-dokploy/internal/provider/data_source_backup_files.go:118.16,121.3 2 0
github.com/ahmedali6/terraform-provider-dokploy/internal/provider/data_source_backup_files.go:123.2,128.29 5 0
github.com/ahmedali6/terraform-provider-dokploy/internal/provider/data_source_backup_files.go:128.29,137.3 2 0
github.com/ahmedali6/terraform-provider-dokploy/internal/provider/data_source_backup_files.go:139.2,140.35 2 0
github.com/ahmedali6/terraform-provider-dokploy/internal/provider/data_source_bitbucket_providers.go:15.62,17.2 1 1
github.com/ahmedali6/terraform-provider-dokploy/internal/provider/data_source_bitbucket_providers.go:36.135,38.2 1 0
github.com/ahmedali6/terraform-provider-dokploy/internal/provider/data_source_bitbucket_providers.go:40.127,78.2 1 0
github.com/ahmedali6/terraform-provider-dokploy/internal/provider/data_source_bitbucket_providers.go:80.138,81.29 1 0
github.com/ahmedali6/terraform-provider-dokploy/internal/provider/data_source_bitbucket_providers.go:81.29,83.3 1 0
github.com/ahmedali6/terraform-provider-dokploy/internal/provider/data_source_bitbucket_providers.go:84.2,85.9 2 0
github.com/ahmedali6/terraform-provider-dokploy/internal/provider/data_source_bitbucket_providers.go:85.9,88.3 2 0
github.com/ahmedali6/terraform-provider-dokploy/internal/provider/data_source_bitbucket_providers.go:89.2,89.19 1 0
github.com/ahmedali6/terraform-provider-dokploy/internal/provider/data_source_bitbucket_providers.go:92.125,96.33 4 0
github.com/ahmedali6/terraform-provider-dokploy/internal/provider/data_source_bitbucket_providers.go:96.33,98.3 1 0
github.com/ahmedali6/terraform-provider-dokploy/internal/provider/data_source_bitbucket_providers.go:100.2,101.16 2 0
github.com/ahmedali6/terraform-provider-dokploy/internal/provider/data_source_bitbucket_providers.go:101.16,104.3 2 0
github.com/ahmedali6/terraform-provider-dokploy/internal/provider/data_source_bitbucket_providers.go:106.2,108.37 2 0
github.com/ahmedali6/terraform-provider-dokploy/internal/provider/data_source_bitbucket_providers.go:108.37,118.3 2 0
github.com/ahmedali6/terraform-provider-dokploy/internal/provider/data_source_bitbucket_providers.go:120.2,121.35 2 0
github.com/ahmedali6/terraform-provider-dokploy/internal/provider/data_source_certificate.go:15.55,17.2 1 1
github.com/ahmedali6/terraform-provider-dokploy/internal/provider/data_source_certificate.go:32.128,34.2 1 0
github.com/ahmedali6/terraform-provider-dokploy/internal/provider/data_source_certificate.go:36.120,66.2 1 0
github.com/ahmedali6/terraform-provider-dokploy/internal/provider/data_source_certificate.go:68.131,69.29 1 0
github.com/ahmedali6/terraform-provider-dokploy/internal/provider/data_source_certificate.go:69.29,71.3 1 0
github.com/ahmedali6/terraform-provider-dokploy/internal/provider/data_source_certificate.go:72.2,73.9 2 0
github.com/ahmedali6/terraform-provider-dokploy/internal/provider/data_source_certificate.go:73.9,76.3 2 0
github.com/ahmedali6/terraform-provider-dokploy/internal/provider/data_source_certificate.go:77.2,77.14 1 0
github.com/ahmedali6/terraform-provider-dokploy/internal/provider/data_source_certificate.go:80.118,84.33 4 0
github.com/ahmedali6/terraform-provider-dokploy/internal/provider/data_source_certificate.go:84.33,86.3 1 0
github.com/ahmedali6/terraform-provider-dokploy/internal/provider/data_source_certificate.go:88.2,89.16 2 0
github.com/ahmedali6/terraform-provider-dokploy/internal/provider/data_source_certificate.go:89.16,92.3 2 0
github.com/ahmedali6/terraform-provider-dokploy/internal/provider/data_source_certificate.go:94.2,98.27 4 0
github.com/ahmedali6/terraform-provider-dokploy/internal/provider/data_source_certificate.go:98.27,100.3 1 0
github.com/ahmedali6/terraform-provider-dokploy/internal/provider/data_source_certificate.go:102.2,102.50 1 0
github.com/ahmedali6/terraform-provider-dokploy/internal/provider/data_source_certificate.go:102.50,104.3 1 0
github.com/ahmedali6/terraform-provider-dokploy/internal/provider/data_source_certificate.go:106.2,107.35 2 0
github.com/ahmedali6/terraform-provider-dokploy/internal/provider/data_source_certificates.go:15.56,17.2 1 1
github.com/ahmedali6/terraform-provider-dokploy/internal/provider/data_source_certificates.go:36.129,38.2 1 0
github.com/ahmedali6/terraform-provider-dokploy/internal/provider/data_source_certificates.go:40.121,78.2 1 0
github.com/ahmedali6/terraform-provider-dokploy/internal/provider/data_source_certificates.go:80.132,81.29 1 0
github.com/ahmedali6/terraform-provider-dokploy/internal/provider/data_source_certificates.go:81.29,83.3 1 0
github.com/ahmedali6/terraform-provider-dokploy/internal/provider/data_source_certificates.go:84.2,85.9 2 0
github.com/ahmedali6/terraform-provider-dokploy/internal/provider/data_source_certificates.go:85.9,88.3 2 0
github.com/ahmedali6/terraform-provider-dokploy/internal/provider/data_source_certificates.go:89.2,89.14 1 0
github.com/ahmedali6/terraform-provider-dokploy/internal/provider/data_source_certificates.go:92.119,94.16 2 0
github.com/ahmedali6/terraform-provider-dokploy/internal/provider/data_source_certificates.go:94.16,97.3 2 0
github.com/ahmedali6/terraform-provider-dokploy/internal/provider/data_source_certificates.go:99.2,101.29 2 0
github.com/ahmedali6/terraform-provider-dokploy/internal/provider/data_source_certificates.go:101.29,109.28 2 0
github.com/ahmedali6/terraform-provider-dokploy/internal/provider/data_source_certificates.go:109.28,111.4 1 0
github.com/ahmedali6/terraform-provider-dokploy/internal/provider/data_source_certificates.go:113.3,113.51 1 0
github.com/ahmedali6/terraform-provider-dokploy/internal/provider/data_source_certificates.go:113.51,115.4 1 0
github.com/ahmedali6/terraform-provider-dokploy/internal/provider/data_source_certificates.go:117.3,117.61 1 0
github.com/ahmedali6/terraform-provider-dokploy/internal/provider/data_source_certificates.go:120.2,121.35 2 0
github.com/ahmedali6/terraform-provider-dokploy/internal/provider/data_source_compose.go:15.51,17.2 1 1
github.com/ahmedali6/terraform-provider-dokploy/internal/provider/data_source_compose.go:96.124,98.2 1 0
github.com/ahmedali6/terraform-provider-dokploy/internal/provider/data_source_compose.go:100.116,322.2 1 0
github.com/ahmedali6/terraform-provider-dokploy/internal/provider/data_source_compose.go:324.127,325.29 1 0
github.com/ahmedali6/terraform-provider-dokploy/internal/provider/data_source_compose.go:325.29,327.3 1 0
github.com/ahmedali6/terraform-provider-dokploy/internal/provider/data_source_compose.go:328.2,329.9 2 0
github.com/ahmedali6/terraform-provider-dokploy/internal/provider/data_source_compose.go:329.9,332.3 2 0
github.com/ahmedali6/terraform-provider-dokploy/internal/provider/data_source_compose.go:333.2,333.19 1 0
github.com/ahmedali6/terraform-provider-dokploy/internal/provider/data_source_compose.go:336.114,340.33 4 0
github.com/ahmedali6/terraform-provider-dokploy/internal/provider/data_source_compose.go:340.33,342.3 1 0
github.com/ahmedali6/terraform-provider-dokploy/internal/provider/data_source_compose.go:344.2,345.16 2 0
github.com/ahmedali6/terraform-provider-dokploy/internal/provider/data_source_compose.go:345.16,348.3 2 0
github.com/ahmedali6/terraform-provider-dokploy/internal/provider/data_source_compose.go:351.2,361.24 9 0
github.com/ahmedali6/terraform-provider-dokploy/internal/provider/data_source_compose.go:361.24,363.3 1 0
github.com/ahmedali6/terraform-provider-dokploy/internal/provider/data_source_compose.go:364.2,364.28 1 0
github.com/ahmedali6/terraform-provider-dokploy/internal/provider/data_source_compose.go:364.28,366.3 1 0
github.com/ahmedali6/terraform-provider-dokploy/internal/provider/data_source_compose.go:367.2,367.25 1 0
github.com/ahmedali6/terraform-provider-dokploy/internal/provider/data_source_compose.go:367.25,369.3 1 0
github.com/ahmedali6/terraform-provider-dokploy/internal/provider/data_source_compose.go:370.2,370.28 1 0
github.com/ahmedali6/terraform-provider-dokploy/internal/provider/data_source_compose.go:370.28,372.3 1 0
github.com/ahmedali6/terraform-provider-dokploy/internal/provider/data_source_compose.go:373.2,373.28 1 0
github.com/ahmedali6/terraform-provider-dokploy/internal/provider/data_source_compose.go:373.28,375.3 1 0
github.com/ahmedali6/terraform-provider-dokploy/internal/provider/data_source_compose.go:376.2,376.28 1 0
github.com/ahmedali6/terraform-provider-dokploy/internal/provider/data_source_compose.go:376.28,378.3 1 0
github.com/ahmedali6/terraform-provider-dokploy/internal/provider/data_source_compose.go:379.2,379.29 1 0
github.com/ahmedali6/terraform-provider-dokploy/internal/provider/data_source_compose.go:379.29,381.3 1 0
github.com/ahmedali6/terraform-provider-dokploy/internal/provider/data_source_compose.go:382.2,382.32 1 0
github.com/ahmedali6/terraform-provider-dokploy/internal/provider/data_source_compose.go:382.32,384.3 1 0
github.com/ahmedali6/terraform-provider-dokploy/internal/provider/data_source_compose.go:385.2,385.34 1 0
github.com/ahmedali6/terraform-provider-dokploy/internal/provider/data_source_compose.go:385.34,387.3 1 0
github.com/ahmedali6/terraform-provider-dokploy/internal/provider/data_source_compose.go:388.2,388.35 1 0
github.com/ahmedali6/terraform-provider-dokploy/internal/provider/data_source_compose.go:388.35,390.3 1 0
github.com/ahmedali6/terraform-provider-dokploy/internal/provider/data_source_compose.go:391.2,391.27 1 0
github.com/ahmedali6/terraform-provider-dokploy/internal/provider/data_source_compose.go:391.27,393.3 1 0
github.com/ahmedali6/terraform-provider-dokploy/internal/provider/data_source_compose.go:394.2,394.23 1 0
github.com/ahmedali6/terraform-provider-dokploy/internal/provider/data_source_compose.go:394.23,396.3 1 0
github.com/ahmedali6/terraform-provider-dokploy/internal/provider/data_source_compose.go:397.2,397.22 1 0
github.com/ahmedali6/terraform-provider-dokploy/internal/provider/data_source_compose.go:397.22,399.3 1 0
github.com/ahmedali6/terraform-provider-dokploy/internal/provider/data_source_compose.go:400.2,400.25 1 0
github.com/ahmedali6/terraform-provider-dokploy/internal/provider/data_source_compose.go:400.25,402.3 1 0
github.com/ahmedali6/terraform-provider-dokploy/internal/provider/data_source_compose.go:403.2,403.28 1 0
github.com/ahmedali6/terraform-provider-dokploy/internal/provider/data_source_compose.go:403.28,405.3 1 0
github.com/ahmedali6/terraform-provider-dokploy/internal/provider/data_source_compose.go:406.2,406.25 1 0
github.com/ahmedali6/terraform-provider-dokploy/internal/provider/data_source_compose.go:406.25,408.3 1 0
github.com/ahmedali6/terraform-provider-dokploy/internal/provider/data_source_compose.go:409.2,409.31 1 0
github.com/ahmedali6/terraform-provider-dokploy/internal/provider/data_source_compose.go:409.31,411.3 1 0
github.com/ahmedali6/terraform-provider-dokploy/internal/provider/data_source_compose.go:412.2,412.33 1 0
github.com/ahmedali6/terraform-provider-dokploy/internal/provider/data_source_compose.go:412.33,414.3 1 0
github.com/ahmedali6/terraform-provider-dokploy/internal/provider/data_source_compose.go:415.2,415.28 1 0
github.com/ahmedali6/terraform-provider-dokploy/internal/provider/data_source_compose.go:415.28,417.3 1 0
github.com/ahmedali6/terraform-provider-dokploy/internal/provider/data_source_compose.go:418.2,418.29 1 0
github.com/ahmedali6/terraform-provider-dokploy/internal/provider/data_source_compose.go:418.29,420.3 1 0
github.com/ahmedali6/terraform-provider-dokploy/internal/provider/data_source_compose.go:421.2,421.32 1 0
github.com/ahmedali6/terraform-provider-dokploy/internal/provider/data_source_compose.go:421.32,423.3 1 0
github.com/ahmedali6/terraform-provider-dokploy/internal/provider/data_source_compose.go:424.2,424.36 1 0
github.com/ahmedali6/terraform-provider-dokploy/internal/provider/data_source_compose.go:424.36,426.3 1 0
github.com/ahmedali6/terraform-provider-dokploy/internal/provider/data_source_compose.go:427.2,427.28 1 0
github.com/ahmedali6/terraform-provider-dokploy/internal/provider/data_source_compose.go:427.28,429.3 1 0
github.com/ahmedali6/terraform-provider-dokploy/internal/provider/data_source_compose.go:430.2,430.36 1 0
github.com/ahmedali6/terraform-provider-dokploy/internal/provider/data_source_compose.go:430.36,432.3 1 0
github.com/ahmedali6/terraform-provider-dokploy/internal/provider/data_source_compose.go:433.2,433.31 1 0
github.com/ahmedali6/terraform-provider-dokploy/internal/provider/data_source_compose.go:433.31,435.3 1 0
github.com/ahmedali6/terraform-provider-dokploy/internal/provider/data_source_compose.go:436.2,436.32 1 0
github.com/ahmedali6/terraform-provider-dokploy/internal/provider/data_source_compose.go:436.32,438.3 1 0
github.com/ahmedali6/terraform-provider-dokploy/internal/provider/data_source_compose.go:439.2,439.35 1 0
github.com/ahmedali6/terraform-provider-dokploy/internal/provider/data_source_compose.go:439.35,441.3 1 0
github.com/ahmedali6/terraform-provider-dokploy/internal/provider/data_source_compose.go:442.2,442.24 1 0
github.com/ahmedali6/terraform-provider-dokploy/internal/provider/data_source_compose.go:442.24,444.3 1 0
github.com/ahmedali6/terraform-provider-dokploy/internal/provider/data_source_compose.go:445.2,445.32 1 0
github.com/ahmedali6/terraform-provider-dokploy/internal/provider/data_source_compose.go:445.32,447.3 1 0
github.com/ahmedali6/terraform-provider-dokploy/internal/provider/data_source_compose.go:448.2,448.27 1 0
github.com/ahmedali6/terraform-provider-dokploy/internal/provider/data_source_compose.go:448.27,450.3 1 0
github.com/ahmedali6/terraform-provider-dokploy/internal/provider/data_source_compose.go:451.2,451.28 1 0
github.com/ahmedali6/terraform-provider-dokploy/internal/provider/data_source_compose.go:451.28,453.3 1 0
github.com/ahmedali6/terraform-provider-dokploy/internal/provider/data_source_compose.go:454.2,454.31 1 0
github.com/ahmedali6/terraform-provider-dokploy/internal/provider/data_source_compose.go:454.31,456.3 1 0
github.com/ahmedali6/terraform-provider-dokploy/internal/provider/data_source_compose.go:457.2,457.20 1 0
github.com/ahmedali6/terraform-provider-dokploy/internal/provider/data_source_compose.go:457.20,459.3 1 0
github.com/ahmedali6/terraform-provider-dokploy/internal/provider/data_source_compose.go:460.2,460.24 1 0
github.com/ahmedali6/terraform-provider-dokploy/internal/provider/data_source_compose.go:460.24,462.3 1 0
github.com/ahmedali6/terraform-provider-dokploy/internal/provider/data_source_compose.go:463.2,463.23 1 0
github.com/ahmedali6/terraform-provider-dokploy/internal/provider/data_source_compose.go:463.23,465.3 1 0
github.com/ahmedali6/terraform-provider-dokploy/internal/provider/data_source_compose.go:466.2,466.30 1 0
github.com/ahmedali6/terraform-provider-dokploy/internal/provider/data_source_compose.go:466.30,468.3 1 0
github.com/ahmedali6/terraform-provider-dokploy/internal/provider/data_source_compose.go:469.2,469.29 1 0
github.com/ahmedali6/terraform-provider-dokploy/internal/provider/data_source_compose.go:469.29,471.3 1 0
github.com/ahmedali6/terraform-provider-dokploy/internal/provider/data_source_compose.go:472.2,472.26 1 0
github.com/ahmedali6/terraform-provider-dokploy/internal/provider/data_source_compose.go:472.26,474.3 1 0
github.com/ahmedali6/terraform-provider-dokploy/internal/provider/data_source_compose.go:477.2,477.30 1 0
github.com/ahmedali6/terraform-provider-dokploy/internal/provider/data_source_compose.go:477.30,481.3 3 0
github.com/ahmedali6/terraform-provider-dokploy/internal/provider/data_source_compose.go:481.8,483.3 1 0
github.com/ahmedali6/terraform-provider-dokploy/internal/provider/data_source_compose.go:485.2,486.35 2 0
github.com/ahmedali6/terraform-provider-dokploy/internal/provider/data_source_composes.go:15.52,17.2 1 1
github.com/ahmedali6/terraform-provider-dokploy/internal/provider/data_source_composes.go:54.125,56.2 1 0
github.com/ahmedali6/terraform-provider-dokploy/internal/provider/data_source_composes.go:58.117,136.2 1 0
github.com/ahmedali6/terraform-provider-dokploy/internal/provider/data_source_composes.go:138.128,139.29 1 0
github.com/ahmedali6/terraform-provider-dokploy/internal/provider/data_source_composes.go:139.29,141.3 1 0
github.com/ahmedali6/terraform-provider-dokploy/internal/provider/data_source_composes.go:142.2,143.9 2 0
github.com/ahmedali6/terraform-provider-dokploy/internal/provider/data_source_composes.go:143.9,146.3 2 0
github.com/ahmedali6/terraform-provider-dokploy/internal/provider/data_source_composes.go:147.2,147.19 1 0
github.com/ahmedali6/terraform-provider-dokploy/internal/provider/data_source_composes.go:150.115,154.33 4 0
github.com/ahmedali6/terraform-provider-dokploy/internal/provider/data_source_composes.go:154.33,156.3 1 0
github.com/ahmedali6/terraform-provider-dokploy/internal/provider/data_source_composes.go:158.2,159.69 2 0
github.com/ahmedali6/terraform-provider-dokploy/internal/provider/data_source_composes.go:159.69,161.3 1 0
github.com/ahmedali6/terraform-provider-dokploy/internal/provider/data_source_composes.go:163.2,164.16 2 0
github.com/ahmedali6/terraform-provider-dokploy/internal/provider/data_source_composes.go:164.16,167.3 2 0
github.com/ahmedali6/terraform-provider-dokploy/internal/provider/data_source_composes.go:169.2,170.32 2 0
github.com/ahmedali6/terraform-provider-dokploy/internal/provider/data_source_composes.go:170.32,183.25 2 0
github.com/ahmedali6/terraform-provider-dokploy/internal/provider/data_source_composes.go:183.25,185.4 1 0
github.com/ahmedali6/terraform-provider-dokploy/internal/provider/data_source_composes.go:186.3,186.29 1 0
github.com/ahmedali6/terraform-provider-dokploy/internal/provider/data_source_composes.go:186.29,188.4 1 0
github.com/ahmedali6/terraform-provider-dokploy/internal/provider/data_source_composes.go:189.3,189.26 1 0
github.com/ahmedali6/terraform-provider-dokploy/internal/provider/data_source_composes.go:189.26,191.4 1 0
github.com/ahmedali6/terraform-provider-dokploy/internal/provider/data_source_composes.go:192.3,192.29 1 0
github.com/ahmedali6/terraform-provider-dokploy/internal/provider/data_source_composes.go:192.29,194.4 1 0
github.com/ahmedali6/terraform-provider-dokploy/internal/provider/data_source_composes.go:195.3,195.29 1 0
github.com/ahmedali6/terraform-provider-dokploy/internal/provider/data_source_composes.go:195.29,197.4 1 0
github.com/ahmedali6/terraform-provider-dokploy/internal/provider/data_source_composes.go:198.3,198.31 1 0
github.com/ahmedali6/terraform-provider-dokploy/internal/provider/data_source_composes.go:198.31,200.4 1 0
github.com/ahmedali6/terraform-provider-dokploy/internal/provider/data_source_composes.go:201.3,201.27 1 0
github.com/ahmedali6/terraform-provider-dokploy/internal/provider/data_source_composes.go:201.27,203.4 1 0
github.com/ahmedali6/terraform-provider-dokploy/internal/provider/data_source_composes.go:206.2,207.35 2 0
github.com/ahmedali6/terraform-provider-dokploy/internal/provider/data_source_deployments.go:18.55,20.2 1 1
github.com/ahmedali6/terraform-provider-dokploy/internal/provider/data_source_deployments.go:58.128,60.2 1 0
github.com/ahmedali6/terraform-provider-dokploy/internal/provider/data_source_deployments.go:62.120,174.2 1 0
github.com/ahmedali6/terraform-provider-dokploy/internal/provider/data_source_deployments.go:176.131,177.29 1 0
github.com/ahmedali6/terraform-provider-dokploy/internal/provider/data_source_deployments.go:177.29,179.3 1 0
github.com/ahmedali6/terraform-provider-dokploy/internal/provider/data_source_deployments.go:180.2,181.9 2 0
github.com/ahmedali6/terraform-provider-dokploy/internal/provider/data_source_deployments.go:181.9,184.3 2 0
github.com/ahmedali6/terraform-provider-dokploy/internal/provider/data_source_deployments.go:185.2,185.19 1 0
github.com/ahmedali6/terraform-provider-dokploy/internal/provider/data_source_deployments.go:188.118,192.33 4 0
github.com/ahmedali6/terraform-provider-dokploy/internal/provider/data_source_deployments.go:192.33,194.3 1 0
github.com/ahmedali6/terraform-provider-dokploy/internal/provider/data_source_deployments.go:196.2,200.76 3 0
github.com/ahmedali6/terraform-provider-dokploy/internal/provider/data_source_deployments.go:200.76,202.3 1 0
github.com/ahmedali6/terraform-provider-dokploy/internal/provider/data_source_deployments.go:202.8,202.75 1 0
github.com/ahmedali6/terraform-provider-dokploy/internal/provider/data_source_deployments.go:202.75,204.3 1 0
github.com/ahmedali6/terraform-provider-dokploy/internal/provider/data_source_deployments.go:204.8,204.73 1 0
github.com/ahmedali6/terraform-provider-dokploy/internal/provider/data_source_deployments.go:204.73,206.3 1 0
github.com/ahmedali6/terraform-provider-dokploy/internal/provider/data_source_deployments.go:206.8,209.3 2 0
github.com/ahmedali6/terraform-provider-dokploy/internal/provider/data_source_deployments.go:211.2,211.16 1 0
github.com/ahmedali6/terraform-provider-dokploy/internal/provider/data_source_deployments.go:211.16,214.3 2 0
github.com/ahmedali6/terraform-provider-dokploy/internal/provider/data_source_deployments.go:216.2,217.34 2 0
github.com/ahmedali6/terraform-provider-dokploy/internal/provider/data_source_deployments.go:217.34,230.31 2 0
github.com/ahmedali6/terraform-provider-dokploy/internal/provider/data_source_deployments.go:230.31,232.4 1 0
github.com/ahmedali6/terraform-provider-dokploy/internal/provider/data_source_deployments.go:232.9,234.4 1 0
github.com/ahmedali6/terraform-provider-dokploy/internal/provider/data_source_deployments.go:235.3,235.27 1 0
github.com/ahmedali6/terraform-provider-dokploy/internal/provider/data_source_deployments.go:235.27,237.4 1 0
github.com/ahmedali6/terraform-provider-dokploy/internal/provider/data_source_deployments.go:237.9,239.4 1 0
github.com/ahmedali6/terraform-provider-dokploy/internal/provider/data_source_deployments.go:240.3,240.26 1 0
github.com/ahmedali6/terraform-provider-dokploy/internal/provider/data_source_deployments.go:240.26,242.4 1 0
github.com/ahmedali6/terraform-provider-dokploy/internal/provider/data_source_deployments.go:242.9,244.4 1 0
github.com/ahmedali6/terraform-provider-dokploy/internal/provider/data_source_deployments.go:245.3,245.37 1 0
github.com/ahmedali6/terraform-provider-dokploy/internal/provider/data_source_deployments.go:245.37,247.4 1 0
github.com/ahmedali6/terraform-provider-dokploy/internal/provider/data_source_deployments.go:247.9,249.4 1 0
github.com/ahmedali6/terraform-provider-dokploy/internal/provider/data_source_deployments.go:250.3,250.28 1 0
github.com/ahmedali6/terraform-provider-dokploy/internal/provider/data_source_deployments.go:250.28,252.4 1 0
github.com/ahmedali6/terraform-provider-dokploy/internal/provider/data_source_deployments.go:252.9,254.4 1 0
github.com/ahmedali6/terraform-provider-dokploy/internal/provider/data_source_deployments.go:255.3,255.30 1 0
github.com/ahmedali6/terraform-provider-dokploy/internal/provider/data_source_deployments.go:255.30,257.4 1 0
github.com/ahmedali6/terraform-provider-dokploy/internal/provider/data_source_deployments.go:257.9,259.4 1 0
github.com/ahmedali6/terraform-provider-dokploy/internal/provider/data_source_deployments.go:260.3,260.28 1 0
github.com/ahmedali6/terraform-provider-dokploy/internal/provider/data_source_deployments.go:260.28,262.4 1 0
github.com/ahmedali6/terraform-provider-dokploy/internal/provider/data_source_deployments.go:262.9,264.4 1 0
github.com/ahmedali6/terraform-provider-dokploy/internal/provider/data_source_deployments.go:265.3,265.26 1 0
github.com/ahmedali6/terraform-provider-dokploy/internal/provider/data_source_deployments.go:265.26,267.4 1 0
github.com/ahmedali6/terraform-provider-dokploy/internal/provider/data_source_deployments.go:267.9,269.4 1 0
github.com/ahmedali6/terraform-provider-dokploy/internal/provider/data_source_deployments.go:270.3,270.28 1 0
github.com/ahmedali6/terraform-provider-dokploy/internal/provider/data_source_deployments.go:270.28,272.4 1 0
github.com/ahmedali6/terraform-provider-dokploy/internal/provider/data_source_deployments.go:272.9,274.4 1 0
github.com/ahmedali6/terraform-provider-dokploy/internal/provider/data_source_deployments.go:275.3,275.32 1 0
github.com/ahmedali6/terraform-provider-dokploy/internal/provider/data_source_deployments.go:275.32,277.4 1 0
github.com/ahmedali6/terraform-provider-dokploy/internal/provider/data_source_deployments.go:277.9,279.4 1 0
github.com/ahmedali6/terraform-provider-dokploy/internal/provider/data_source_deployments.go:280.3,280.31 1 0
github.com/ahmedali6/terraform-provider-dokploy/internal/provider/data_source_deployments.go:280.31,282.4 1 0
github.com/ahmedali6/terraform-provider-dokploy/internal/provider/data_source_deployments.go:282.9,284.4 1 0
github.com/ahmedali6/terraform-provider-dokploy/internal/provider/data_source_deployments.go:287.2,288.35 2 0
github.com/ahmedali6/terraform-provider-dokploy/internal/provider/data_source_destination.go:15.55,17.2 1 1
github.com/ahmedali6/terraform-provider-dokploy/internal/provider/data_source_destination.go:36.128,38.2 1 0
github.com/ahmedali6/terraform-provider-dokploy/internal/provider/data_source_destination.go:40.120,86.2 1 0
github.com/ahmedali6/terraform-provider-dokploy/internal/provider/data_source_destination.go:88.131,89.29 1 0
github.com/ahmedali6/terraform-provider-dokploy/internal/provider/data_source_destination.go:89.29,91.3 1 0
github.com/ahmedali6/terraform-provider-dokploy/internal/provider/data_source_destination.go:92.2,93.9 2 0
github.com/ahmedali6/terraform-provider-dokploy/internal/provider/data_source_destination.go:93.9,96.3 2 0
github.com/ahmedali6/terraform-provider-dokploy/internal/provider/data_source_destination.go:97.2,97.19 1 0
github.com/ahmedali6/terraform-provider-dokploy/internal/provider/data_source_destination.go:100.118,104.33 4 0
github.com/ahmedali6/terraform-provider-dokploy/internal/provider/data_source_destination.go:104.33,106.3 1 0
github.com/ahmedali6/terraform-provider-dokploy/internal/provider/data_source_destination.go:108.2,109.16 2 0
github.com/ahmedali6/terraform-provider-dokploy/internal/provider/data_source_destination.go:109.16,112.3 2 0
github.com/ahmedali6/terraform-provider-dokploy/internal/provider/data_source_destination.go:115.2,125.26 9 0
github.com/ahmedali6/terraform-provider-dokploy/internal/provider/data_source_destination.go:125.26,127.3 1 0
github.com/ahmedali6/terraform-provider-dokploy/internal/provider/data_source_destination.go:127.8,129.3 1 0
github.com/ahmedali6/terraform-provider-dokploy/internal/provider/data_source_destination.go:131.2,132.35 2 0
github.com/ahmedali6/terraform-provider-dokploy/internal/provider/data_source_destinations.go:15.56,17.2 1 1
github.com/ahmedali6/terraform-provider-dokploy/internal/provider/data_source_destinations.go:40.129,42.2 1 0
github.com/ahmedali6/terraform-provider-dokploy/internal/provider/data_source_destinations.go:44.121,98.2 1 0
github.com/ahmedali6/terraform-provider-dokploy/internal/provider/data_source_destinations.go:100.132,101.29 1 0
github.com/ahmedali6/terraform-provider-dokploy/internal/provider/data_source_destinations.go:101.29,103.3 1 0
github.com/ahmedali6/terraform-provider-dokploy/internal/provider/data_source_destinations.go:104.2,105.9 2 0
github.com/ahmedali6/terraform-provider-dokploy/internal/provider/data_source_destinations.go:105.9,108.3 2 0
github.com/ahmedali6/terraform-provider-dokploy/internal/provider/data_source_destinations.go:109.2,109.19 1 0
github.com/ahmedali6/terraform-provider-dokploy/internal/provider/data_source_destinations.go:112.119,116.33 4 0
github.com/ahmedali6/terraform-provider-dokploy/internal/provider/data_source_destinations.go:116.33,118.3 1 0
github.com/ahmedali6/terraform-provider-dokploy/internal/provider/data_source_destinations.go:120.2,121.16 2 0
github.com/ahmedali6/terraform-provider-dokploy/internal/provider/data_source_destinations.go:121.16,124.3 2 0
github.com/ahmedali6/terraform-provider-dokploy/internal/provider/data_source_destinations.go:127.2,128.36 2 0
github.com/ahmedali6/terraform-provider-dokploy/internal/provider/data_source_destinations.go:128.36,142.27 2 0
github.com/ahmedali6/terraform-provider-dokploy/internal/provider/data_source_destinations.go:142.27,144.4 1 0
github.com/ahmedali6/terraform-provider-dokploy/internal/provider/data_source_destinations.go:144.9,146.4 1 0
github.com/ahmedali6/terraform-provider-dokploy/internal/provider/data_source_destinations.go:149.2,150.35 2 0
github.com/ahmedali6/terraform-provider-dokploy/internal/provider/data_source_docker_container.go:15.59,17.2 1 1
github.com/ahmedali6/terraform-provider-dokploy/internal/provider/data_source_docker_container.go:53.132,55.2 1 0
github.com/ahmedali6/terraform-provider-dokploy/internal/provider/data_source_docker_container.go:57.124,163.2 1 0
github.com/ahmedali6/terraform-provider-dokploy/internal/provider/data_source_docker_container.go:165.135,166.29 1 0
github.com/ahmedali6/terraform-provider-dokploy/internal/provider/data_source_docker_container.go:166.29,168.3 1 0
github.com/ahmedali6/terraform-provider-dokploy/internal/provider/data_source_docker_container.go:169.2,170.9 2 0
github.com/ahmedali6/terraform-provider-dokploy/internal/provider/data_source_docker_container.go:170.9,173.3 2 0
github.com/ahmedali6/terraform-provider-dokploy/internal/provider/data_source_docker_container.go:174.2,174.19 1 0
github.com/ahmedali6/terraform-provider-dokploy/internal/provider/data_source_docker_container.go:177.122,181.33 4 0
github.com/ahmedali6/terraform-provider-dokploy/internal/provider/data_source_docker_container.go:181.33,183.3 1 0
github.com/ahmedali6/terraform-provider-dokploy/internal/provider/data_source_docker_container.go:185.2,187.29 3 0
github.com/ahmedali6/terraform-provider-dokploy/internal/provider/data_source_docker_container.go:187.29,189.3 1 0
github.com/ahmedali6/terraform-provider-dokploy/internal/provider/data_source_docker_container.go:192.2,193.16 2 0
github.com/ahmedali6/terraform-provider-dokploy/internal/provider/data_source_docker_container.go:193.16,196.3 2 0
github.com/ahmedali6/terraform-provider-dokploy/internal/provider/data_source_docker_container.go:199.2,200.16 2 0
github.com/ahmedali6/terraform-provider-dokploy/internal/provider/data_source_docker_container.go:200.16,203.3 2 0
github.com/ahmedali6/terraform-provider-dokploy/internal/provider/data_source_docker_container.go:206.2,236.35 24 0
github.com/ahmedali6/terraform-provider-dokploy/internal/provider/data_source_docker_containers.go:15.60,17.2 1 1
github.com/ahmedali6/terraform-provider-dokploy/internal/provider/data_source_docker_containers.go:40.133,42.2 1 0
github.com/ahmedali6/terraform-provider-dokploy/internal/provider/data_source_docker_containers.go:44.125,98.2 1 0
github.com/ahmedali6/terraform-provider-dokploy/internal/provider/data_source_docker_containers.go:100.136,101.29 1 0
github.com/ahmedali6/terraform-provider-dokploy/internal/provider/data_source_docker_containers.go:101.29,103.3 1 0
github.com/ahmedali6/terraform-provider-dokploy/internal/provider/data_source_docker_containers.go:104.2,105.9 2 0
github.com/ahmedali6/terraform-provider-dokploy/internal/provider/data_source_docker_containers.go:105.9,108.3 2 0
github.com/ahmedali6/terraform-provider-dokploy/internal/provider/data_source_docker_containers.go:109.2,109.19 1 0
github.com/ahmedali6/terraform-provider-dokploy/internal/provider/data_source_docker_containers.go:112.123,116.33 4 0
github.com/ahmedali6/terraform-provider-dokploy/internal/provider/data_source_docker_containers.go:116.33,118.3 1 0
github.com/ahmedali6/terraform-provider-dokploy/internal/provider/data_source_docker_containers.go:120.2,121.29 2 0
github.com/ahmedali6/terraform-provider-dokploy/internal/provider/data_source_docker_containers.go:121.29,123.3 1 0
github.com/ahmedali6/terraform-provider-dokploy/internal/provider/data_source_docker_containers.go:125.2,126.28 2 0
github.com/ahmedali6/terraform-provider-dokploy/internal/provider/data_source_docker_containers.go:126.28,128.3 1 0
github.com/ahmedali6/terraform-provider-dokploy/internal/provider/data_source_docker_containers.go:130.2,131.28 2 0
github.com/ahmedali6/terraform-provider-dokploy/internal/provider/data_source_docker_containers.go:131.28,133.3 1 0
github.com/ahmedali6/terraform-provider-dokploy/internal/provider/data_source_docker_containers.go:135.2,136.30 2 0
github.com/ahmedali6/terraform-provider-dokploy/internal/provider/data_source_docker_containers.go:136.30,138.3 1 0
github.com/ahmedali6/terraform-provider-dokploy/internal/provider/data_source_docker_containers.go:141.2,141.38 1 0
github.com/ahmedali6/terraform-provider-dokploy/internal/provider/data_source_docker_containers.go:141.38,147.3 2 0
github.com/ahmedali6/terraform-provider-dokploy/internal/provider/data_source_docker_containers.go:150.2,150.57 1 0
github.com/ahmedali6/terraform-provider-dokploy/internal/provider/data_source_docker_containers.go:150.57,155.3 1 0
github.com/ahmedali6/terraform-provider-dokploy/internal/provider/data_source_docker_containers.go:158.2,158.38 1 0
github.com/ahmedali6/terraform-provider-dokploy/internal/provider/data_source_docker_containers.go:158.38,161.17 2 0
github.com/ahmedali6/terraform-provider-dokploy/internal/provider/data_source_docker_containers.go:161.17,164.4 2 0
github.com/ahmedali6/terraform-provider-dokploy/internal/provider/data_source_docker_containers.go:165.3,166.32 2 0
github.com/ahmedali6/terraform-provider-dokploy/internal/provider/data_source_docker_containers.go:166.32,175.4 1 0
github.com/ahmedali6/terraform-provider-dokploy/internal/provider/data_source_docker_containers.go:176.8,176.26 1 0
github.com/ahmedali6/terraform-provider-dokploy/internal/provider/data_source_docker_containers.go:176.26,179.17 2 0
github.com/ahmedali6/terraform-provider-dokploy/internal/provider/data_source_docker_containers.go:179.17,182.4 2 0
github.com/ahmedali6/terraform-provider-dokploy/internal/provider/data_source_docker_containers.go:183.3,184.32 2 0
github.com/ahmedali6/terraform-provider-dokploy/internal/provider/data_source_docker_containers.go:184.32,193.4 1 0
github.com/ahmedali6/terraform-provider-dokploy/internal/provider/data_source_docker_containers.go:194.8,197.17 2 0
github.com/ahmedali6/terraform-provider-dokploy/internal/provider/data_source_docker_containers.go:197.17,200.4 2 0
github.com/ahmedali6/terraform-provider-dokploy/internal/provider/data_source_docker_containers.go:201.3,202.32 2 0
github.com/ahmedali6/terraform-provider-dokploy/internal/provider/data_source_docker_containers.go:202.32,211.4 1 0
github.com/ahmedali6/terraform-provider-dokploy/internal/provider/data_source_docker_containers.go:214.2,215.35 2 0
github.com/ahmedali6/terraform-provider-dokploy/internal/provider/data_source_gitea_providers.go:15.58,17.2 1 1
github.com/ahmedali6/terraform-provider-dokploy/internal/provider/data_source_gitea_providers.go:36.131,38.2 1 0
github.com/ahmedali6/terraform-provider-dokploy/internal/provider/data_source_gitea_providers.go:40.123,78.2 1 0
github.com/ahmedali6/terraform-provider-dokploy/internal/provider/data_source_gitea_providers.go:80.134,81.29 1 0
github.com/ahmedali6/terraform-provider-dokploy/internal/provider/data_source_gitea_providers.go:81.29,83.3 1 0
github.com/ahmedali6/terraform-provider-dokploy/internal/provider/data_source_gitea_providers.go:84.2,85.9 2 0
github.com/ahmedali6/terraform-provider-dokploy/internal/provider/data_source_gitea_providers.go:85.9,88.3 2 0
github.com/ahmedali6/terraform-provider-dokploy/internal/provider/data_source_gitea_providers.go:89.2,89.19 1 0
github.com/ahmedali6/terraform-provider-dokploy/internal/provider/data_source_gitea_providers.go:92.121,96.33 4 0
github.com/ahmedali6/terraform-provider-dokploy/internal/provider/data_source_gitea_providers.go:96.33,98.3 1 0
github.com/ahmedali6/terraform-provider-dokploy/internal/provider/data_source_gitea_providers.go:100.2,101.16 2 0
github.com/ahmedali6/terraform-provider-dokploy/internal/provider/data_source_gitea_providers.go:101.16,104.3 2 0
github.com/ahmedali6/terraform-provider-dokploy/internal/provider/data_source_gitea_providers.go:106.2,108.37 2 0
github.com/ahmedali6/terraform-provider-dokploy/internal/provider/data_source_gitea_providers.go:108.37,118.3 2 0
github.com/ahmedali6/terraform-provider-dokploy/internal/provider/data_source_gitea_providers.go:120.2,121.35 2 0
github.com/ahmedali6/terraform-provider-dokploy/internal/provider/data_source_github_providers.go:15.59,17.2 1 1
github.com/ahmedali6/terraform-provider-dokploy/internal/provider/data_source_github_providers.go:36.132,38.2 1 0
github.com/ahmedali6/terraform-provider-dokploy/internal/provider/data_source_github_providers.go:40.124,78.2 1 0
github.com/ahmedali6/terraform-provider-dokploy/internal/provider/data_source_github_providers.go:80.135,81.29 1 0
github.com/ahmedali6/terraform-provider-dokploy/internal/provider/data_source_github_providers.go:81.29,83.3 1 0
github.com/ahmedali6/terraform-provider-dokploy/internal/provider/data_source_github_providers.go:84.2,85.9 2 0
github.com/ahmedali6/terraform-provider-dokploy/internal/provider/data_source_github_providers.go:85.9,88.3 2 0
github.com/ahmedali6/terraform-provider-dokploy/internal/provider/data_source_github_providers.go:89.2,89.19 1 0
github.com/ahmedali6/terraform-provider-dokploy/internal/provider/data_source_github_providers.go:92.122,96.33 4 0
github.com/ahmedali6/terraform-provider-dokploy/internal/provider/data_source_github_providers.go:96.33,98.3 1 0
github.com/ahmedali6/terraform-provider-dokploy/internal/provider/data_source_github_providers.go:100.2,101.16 2 0
github.com/ahmedali6/terraform-provider-dokploy/internal/provider/data_source_github_providers.go:101.16,104.3 2 0
github.com/ahmedali6/terraform-provider-dokploy/internal/provider/data_source_github_providers.go:106.2,108.37 2 0
github.com/ahmedali6/terraform-provider-dokploy/internal/provider/data_source_github_providers.go:108.37,118.3 2 0
github.com/ahmedali6/terraform-provider-dokploy/internal/provider/data_source_github_providers.go:120.2,121.35 2 0
github.com/ahmedali6/terraform-provider-dokploy/internal/provider/data_source_gitlab_providers.go:15.59,17.2 1 1
github.com/ahmedali6/terraform-provider-dokploy/internal/provider/data_source_gitlab_providers.go:37.132,39.2 1 0
github.com/ahmedali6/terraform-provider-dokploy/internal/provider/data_source_gitlab_providers.go:41.124,83.2 1 0
github.com/ahmedali6/terraform-provider-dokploy/internal/provider/data_source_gitlab_providers.go:85.135,86.29 1 0
github.com/ahmedali6/terraform-provider-dokploy/internal/provider/data_source_gitlab_providers.go:86.29,88.3 1 0
github.com/ahmedali6/terraform-provider-dokploy/internal/provider/data_source_gitlab_providers.go:89.2,90.9 2 0
github.com/ahmedali6/terraform-provider-dokploy/internal/provider/data_source_gitlab_providers.go:90.9,93.3 2 0
github.com/ahmedali6/terraform-provider-dokploy/internal/provider/data_source_gitlab_providers.go:94.2,94.19 1 0
github.com/ahmedali6/terraform-provider-dokploy/internal/provider/data_source_gitlab_providers.go:97.122,101.33 4 0
github.com/ahmedali6/terraform-provider-dokploy/internal/provider/data_source_gitlab_providers.go:101.33,103.3 1 0
github.com/ahmedali6/terraform-provider-dokploy/internal/provider/data_source_gitlab_providers.go:105.2,106.16 2 0
github.com/ahmedali6/terraform-provider-dokploy/internal/provider/data_source_gitlab_providers.go:106.16,109.3 2 0
github.com/ahmedali6/terraform-provider-dokploy/internal/provider/data_source_gitlab_providers.go:111.2,113.37 2 0
github.com/ahmedali6/terraform-provider-dokploy/internal/provider/data_source_gitlab_providers.go:113.37,124.3 2 0
github.com/ahmedali6/terraform-provider-dokploy/internal/provider/data_source_gitlab_providers.go:126.2,127.35 2 0
github.com/ahmedali6/terraform-provider-dokploy/internal/provider/data_source_organizations.go:15.57,17.2 1 1
github.com/ahmedali6/terraform-provider-dokploy/internal/provider/data_source_organizations.go:36.130,38.2 1 0
github.com/ahmedali6/terraform-provider-dokploy/internal/provider/data_source_organizations.go:40.122,78.2 1 0
github.com/ahmedali6/terraform-provider-dokploy/internal/provider/data_source_organizations.go:80.133,81.29 1 0
github.com/ahmedali6/terraform-provider-dokploy/internal/provider/data_source_organizations.go:81.29,83.3 1 0
github.com/ahmedali6/terraform-provider-dokploy/internal/provider/data_source_organizations.go:84.2,85.9 2 0
github.com/ahmedali6/terraform-provider-dokploy/internal/provider/data_source_organizations.go:85.9,88.3 2 0
github.com/ahmedali6/terraform-provider-dokploy/internal/provider/data_source_organizations.go:89.2,89.19 1 0
github.com/ahmedali6/terraform-provider-dokploy/internal/provider/data_source_organizations.go:92.120,96.33 4 0
github.com/ahmedali6/terraform-provider-dokploy/internal/provider/data_source_organizations.go:96.33,98.3 1 0
github.com/ahmedali6/terraform-provider-dokploy/internal/provider/data_source_organizations.go:100.2,101.16 2 0
github.com/ahmedali6/terraform-provider-dokploy/internal/provider/data_source_organizations.go:101.16,104.3 2 0
github.com/ahmedali6/terraform-provider-dokploy/internal/provider/data_source_organizations.go:106.2,108.27 2 0
github.com/ahmedali6/terraform-provider-dokploy/internal/provider/data_source_organizations.go:108.27,116.22 2 0
github.com/ahmedali6/terraform-provider-dokploy/internal/provider/data_source_organizations.go:116.22,118.4 1 0
github.com/ahmedali6/terraform-provider-dokploy/internal/provider/data_source_organizations.go:118.9,120.4 1 0
github.com/ahmedali6/terraform-provider-dokploy/internal/provider/data_source_organizations.go:122.3,122.22 1 0
github.com/ahmedali6/terraform-provider-dokploy/internal/provider/data_source_organizations.go:122.22,124.4 1 0
github.com/ahmedali6/terraform-provider-dokploy/internal/provider/data_source_organizations.go:124.9,126.4 1 0
github.com/ahmedali6/terraform-provider-dokploy/internal/provider/data_source_organizations.go:128.3,128.62 1 0
github.com/ahmedali6/terraform-provider-dokploy/internal/provider/data_source_organizations.go:131.2,132.35 2 0
github.com/ahmedali6/terraform-provider-dokploy/internal/provider/data_source_servers.go:15.51,17.2 1 1
github.com/ahmedali6/terraform-provider-dokploy/internal/provider/data_source_servers.go:41.124,43.2 1 0
github.com/ahmedali6/terraform-provider-dokploy/internal/provider/data_source_servers.go:45.116,103.2 1 0
github.com/ahmedali6/terraform-provider-dokploy/internal/provider/data_source_servers.go:105.127,106.29 1 0
github.com/ahmedali6/terraform-provider-dokploy/internal/provider/data_source_servers.go:106.29,108.3 1 0
github.com/ahmedali6/terraform-provider-dokploy/internal/provider/data_source_servers.go:109.2,110.9 2 0
github.com/ahmedali6/terraform-provider-dokploy/internal/provider/data_source_servers.go:110.9,113.3 2 0
github.com/ahmedali6/terraform-provider-dokploy/internal/provider/data_source_servers.go:114.2,114.19 1 0
github.com/ahmedali6/terraform-provider-dokploy/internal/provider/data_source_servers.go:117.114,121.33 4 0
github.com/ahmedali6/terraform-provider-dokploy/internal/provider/data_source_servers.go:121.33,123.3 1 0
github.com/ahmedali6/terraform-provider-dokploy/internal/provider/data_source_servers.go:125.2,126.16 2 0
github.com/ahmedali6/terraform-provider-dokploy/internal/provider/data_source_servers.go:126.16,129.3 2 0
github.com/ahmedali6/terraform-provider-dokploy/internal/provider/data_source_servers.go:131.2,135.67 4 0
github.com/ahmedali6/terraform-provider-dokploy/internal/provider/data_source_servers.go:135.67,137.3 1 0
github.com/ahmedali6/terraform-provider-dokploy/internal/provider/data_source_servers.go:139.2,139.33 1 0
github.com/ahmedali6/terraform-provider-dokploy/internal/provider/data_source_servers.go:139.33,141.58 1 0
github.com/ahmedali6/terraform-provider-dokploy/internal/provider/data_source_servers.go:141.58,142.12 1 0
github.com/ahmedali6/terraform-provider-dokploy/internal/provider/data_source_servers.go:145.3,157.53 2 0
github.com/ahmedali6/terraform-provider-dokploy/internal/provider/data_source_servers.go:160.2,161.35 2 0
github.com/ahmedali6/terraform-provider-dokploy/internal/provider/data_source_user.go:15.48,17.2 1 1
github.com/ahmedali6/terraform-provider-dokploy/internal/provider/data_source_user.go:59.121,61.2 1 0
github.com/ahmedali6/terraform-provider-dokploy/internal/provider/data_source_user.go:63.113,188.2 1 0
github.com/ahmedali6/terraform-provider-dokploy/internal/provider/data_source_user.go:190.124,191.29 1 0
github.com/ahmedali6/terraform-provider-dokploy/internal/provider/data_source_user.go:191.29,193.3 1 0
github.com/ahmedali6/terraform-provider-dokploy/internal/provider/data_source_user.go:194.2,195.9 2 0
github.com/ahmedali6/terraform-provider-dokploy/internal/provider/data_source_user.go:195.9,198.3 2 0
github.com/ahmedali6/terraform-provider-dokploy/internal/provider/data_source_user.go:199.2,199.19 1 0
github.com/ahmedali6/terraform-provider-dokploy/internal/provider/data_source_user.go:202.111,204.16 2 0
github.com/ahmedali6/terraform-provider-dokploy/internal/provider/data_source_user.go:204.16,207.3 2 0
github.com/ahmedali6/terraform-provider-dokploy/internal/provider/data_source_user.go:209.2,240.26 2 0
github.com/ahmedali6/terraform-provider-dokploy/internal/provider/data_source_user.go:240.26,242.3 1 0
github.com/ahmedali6/terraform-provider-dokploy/internal/provider/data_source_user.go:242.8,244.3 1 0
github.com/ahmedali6/terraform-provider-dokploy/internal/provider/data_source_user.go:247.2,247.30 1 0
github.com/ahmedali6/terraform-provider-dokploy/internal/provider/data_source_user.go:247.30,249.3 1 0
github.com/ahmedali6/terraform-provider-dokploy/internal/provider/data_source_user.go:249.8,251.3 1 0
github.com/ahmedali6/terraform-provider-dokploy/internal/provider/data_source_user.go:254.2,256.33 3 0
github.com/ahmedali6/terraform-provider-dokploy/internal/provider/data_source_user.go:256.33,258.3 1 0
github.com/ahmedali6/terraform-provider-dokploy/internal/provider/data_source_user.go:259.2,263.33 4 0
github.com/ahmedali6/terraform-provider-dokploy/internal/provider/data_source_user.go:263.33,265.3 1 0
github.com/ahmedali6/terraform-provider-dokploy/internal/provider/data_source_user.go:266.2,270.33 4 0
github.com/ahmedali6/terraform-provider-dokploy/internal/provider/data_source_user.go:270.33,272.3 1 0
github.com/ahmedali6/terraform-provider-dokploy/internal/provider/data_source_user.go:273.2,276.35 3 0
github.com/ahmedali6/terraform-provider-dokploy/internal/provider/data_source_users.go:15.49,17.2 1 1
github.com/ahmedali6/terraform-provider-dokploy/internal/provider/data_source_users.go:62.122,64.2 1 0
github.com/ahmedali6/terraform-provider-dokploy/internal/provider/data_source_users.go:66.114,195.2 1 0
github.com/ahmedali6/terraform-provider-dokploy/internal/provider/data_source_users.go:197.125,198.29 1 0
github.com/ahmedali6/terraform-provider-dokploy/internal/provider/data_source_users.go:198.29,200.3 1 0
github.com/ahmedali6/terraform-provider-dokploy/internal/provider/data_source_users.go:201.2,202.9 2 0
github.com/ahmedali6/terraform-provider-dokploy/internal/provider/data_source_users.go:202.9,205.3 2 0
github.com/ahmedali6/terraform-provider-dokploy/internal/provider/data_source_users.go:206.2,206.19 1 0
github.com/ahmedali6/terraform-provider-dokploy/internal/provider/data_source_users.go:209.112,211.16 2 0
github.com/ahmedali6/terraform-provider-dokploy/internal/provider/data_source_users.go:211.16,214.3 2 0
github.com/ahmedali6/terraform-provider-dokploy/internal/provider/data_source_users.go:216.2,218.33 2 0
github.com/ahmedali6/terraform-provider-dokploy/internal/provider/data_source_users.go:218.33,249.27 2 0
github.com/ahmedali6/terraform-provider-dokploy/internal/provider/data_source_users.go:249.27,251.4 1 0
github.com/ahmedali6/terraform-provider-dokploy/internal/provider/data_source_users.go:251.9,253.4 1 0
github.com/ahmedali6/terraform-provider-dokploy/internal/provider/data_source_users.go:256.3,256.31 1 0
github.com/ahmedali6/terraform-provider-dokploy/internal/provider/data_source_users.go:256.31,258.4 1 0
github.com/ahmedali6/terraform-provider-dokploy/internal/provider/data_source_users.go:258.9,260.4 1 0
github.com/ahmedali6/terraform-provider-dokploy/internal/provider/data_source_users.go:263.3,265.34 3 0
github.com/ahmedali6/terraform-provider-dokploy/internal/provider/data_source_users.go:265.34,267.4 1 0
github.com/ahmedali6/terraform-provider-dokploy/internal/provider/data_source_users.go:268.3,272.34 4 0
github.com/ahmedali6/terraform-provider-dokploy/internal/provider/data_source_users.go:272.34,274.4 1 0
github.com/ahmedali6/terraform-provider-dokploy/internal/provider/data_source_users.go:275.3,279.34 4 0
github.com/ahmedali6/terraform-provider-dokploy/internal/provider/data_source_users.go:279.34,281.4 1 0
github.com/ahmedali6/terraform-provider-dokploy/internal/provider/data_source_users.go:282.3,284.47 2 0
github.com/ahmedali6/terraform-provider-dokploy/internal/provider/data_source_users.go:287.2,288.35 2 0
github.com/ahmedali6/terraform-provider-dokploy/internal/provider/data_source_volume_backups.go:17.57,19.2 1 1
github.com/ahmedali6/terraform-provider-dokploy/internal/provider/data_source_volume_backups.go:47.130,49.2 1 0
github.com/ahmedali6/terraform-provider-dokploy/internal/provider/data_source_volume_backups.go:51.122,128.2 1 0
github.com/ahmedali6/terraform-provider-dokploy/internal/provider/data_source_volume_backups.go:130.133,131.29 1 0
github.com/ahmedali6/terraform-provider-dokploy/internal/provider/data_source_volume_backups.go:131.29,133.3 1 0
github.com/ahmedali6/terraform-provider-dokploy/internal/provider/data_source_volume_backups.go:134.2,135.9 2 0
github.com/ahmedali6/terraform-provider-dokploy/internal/provider/data_source_volume_backups.go:135.9,138.3 2 0
github.com/ahmedali6/terraform-provider-dokploy/internal/provider/data_source_volume_backups.go:139.2,139.19 1 0
github.com/ahmedali6/terraform-provider-dokploy/internal/provider/data_source_volume_backups.go:142.120,146.33 4 0
github.com/ahmedali6/terraform-provider-dokploy/internal/provider/data_source_volume_backups.go:146.33,148.3 1 0
github.com/ahmedali6/terraform-provider-dokploy/internal/provider/data_source_volume_backups.go:150.2,154.16 4 0
github.com/ahmedali6/terraform-provider-dokploy/internal/provider/data_source_volume_backups.go:154.16,157.3 2 0
github.com/ahmedali6/terraform-provider-dokploy/internal/provider/data_source_volume_backups.go:159.2,163.33 4 0
github.com/ahmedali6/terraform-provider-dokploy/internal/provider/data_source_volume_backups.go:163.33,179.61 2 0
github.com/ahmedali6/terraform-provider-dokploy/internal/provider/data_source_volume_backups.go:179.61,181.4 1 0
github.com/ahmedali6/terraform-provider-dokploy/internal/provider/data_source_volume_backups.go:181.9,183.4 1 0
github.com/ahmedali6/terraform-provider-dokploy/internal/provider/data_source_volume_backups.go:185.3,185.65 1 0
github.com/ahmedali6/terraform-provider-dokploy/internal/provider/data_source_volume_backups.go:188.2,189.35 2 0
github.com/ahmedali6/terraform-provider-dokploy/internal/provider/provider.go:27.116,30.2 2 0
github.com/ahmedali6/terraform-provider-dokploy/internal/provider/provider.go:32.110,46.2 1 0
github.com/ahmedali6/terraform-provider-dokploy/internal/provider/provider.go:48.123,52.33 4 0
github.com/ahmedali6/terraform-provider-dokploy/internal/provider/provider.go:52.33,54.3 1 0
github.com/ahmedali6/terraform-provider-dokploy/internal/provider/provider.go:56.2,56.29 1 0
github.com/ahmedali6/terraform-provider-dokploy/internal/provider/provider.go:56.29,61.3 1 0
github.com/ahmedali6/terraform-provider-dokploy/internal/provider/provider.go:63.2,63.31 1 0
github.com/ahmedali6/terraform-provider-dokploy/internal/provider/provider.go:63.31,68.3 1 0
github.com/ahmedali6/terraform-provider-dokploy/internal/provider/provider.go:70.2,70.52 1 0
github.com/ahmedali6/terraform-provider-dokploy/internal/provider/provider.go:70.52,72.3 1 0
github.com/ahmedali6/terraform-provider-dokploy/internal/provider/provider.go:75.2,79.25 3 0
github.com/ahmedali6/terraform-provider-dokploy/internal/provider/provider.go:82.83,113.2 1 0
github.com/ahmedali6/terraform-provider-dokploy/internal/provider/provider.go:115.89,141.2 1 0
github.com/ahmedali6/terraform-provider-dokploy/internal/provider/provider.go:143.83,145.2 1 0
github.com/ahmedali6/terraform-provider-dokploy/internal/provider/provider.go:147.51,148.34 1 1
github.com/ahmedali6/terraform-provider-dokploy/internal/provider/provider.go:148.34,150.3 1 1
github.com/ahmedali6/terraform-provider-dokploy/internal/provider/resource_ai.go:21.40,23.2 1 1
github.com/ahmedali6/terraform-provider-dokploy/internal/provider/resource_ai.go:40.113,42.2 1 0
github.com/ahmedali6/terraform-provider-dokploy/internal/provider/resource_ai.go:44.105,94.2 1 0
github.com/ahmedali6/terraform-provider-dokploy/internal/provider/resource_ai.go:96.116,97.29 1 0
github.com/ahmedali6/terraform-provider-dokploy/internal/provider/resource_ai.go:97.29,99.3 1 0
github.com/ahmedali6/terraform-provider-dokploy/internal/provider/resource_ai.go:100.2,101.9 2 0
github.com/ahmedali6/terraform-provider-dokploy/internal/provider/resource_ai.go:101.9,104.3 2 0
github.com/ahmedali6/terraform-provider-dokploy/internal/provider/resource_ai.go:105.2,105.19 1 0
github.com/ahmedali6/terraform-provider-dokploy/internal/provider/resource_ai.go:108.109,112.33 4 0
github.com/ahmedali6/terraform-provider-dokploy/internal/provider/resource_ai.go:112.33,114.3 1 0
github.com/ahmedali6/terraform-provider-dokploy/internal/provider/resource_ai.go:116.2,123.16 2 0
github.com/ahmedali6/terraform-provider-dokploy/internal/provider/resource_ai.go:123.16,126.3 2 0
github.com/ahmedali6/terraform-provider-dokploy/internal/provider/resource_ai.go:128.2,138.35 9 0
github.com/ahmedali6/terraform-provider-dokploy/internal/provider/resource_ai.go:141.103,145.33 4 0
github.com/ahmedali6/terraform-provider-dokploy/internal/provider/resource_ai.go:145.33,147.3 1 0
github.com/ahmedali6/terraform-provider-dokploy/internal/provider/resource_ai.go:149.2,150.16 2 0
github.com/ahmedali6/terraform-provider-dokploy/internal/provider/resource_ai.go:150.16,151.135 1 0
github.com/ahmedali6/terraform-provider-dokploy/internal/provider/resource_ai.go:151.135,154.4 2 0
github.com/ahmedali6/terraform-provider-dokploy/internal/provider/resource_ai.go:155.3,156.9 2 0
github.com/ahmedali6/terraform-provider-dokploy/internal/provider/resource_ai.go:159.2,168.35 8 0
github.com/ahmedali6/terraform-provider-dokploy/internal/provider/resource_ai.go:171.109,175.33 4 0
github.com/ahmedali6/terraform-provider-dokploy/internal/provider/resource_ai.go:175.33,177.3 1 0
github.com/ahmedali6/terraform-provider-dokploy/internal/provider/resource_ai.go:179.2,182.33 4 0
github.com/ahmedali6/terraform-provider-dokploy/internal/provider/resource_ai.go:182.33,184.3 1 0
github.com/ahmedali6/terraform-provider-dokploy/internal/provider/resource_ai.go:187.2,197.16 3 0
github.com/ahmedali6/terraform-provider-dokploy/internal/provider/resource_ai.go:197.16,200.3 2 0
github.com/ahmedali6/terraform-provider-dokploy/internal/provider/resource_ai.go:203.2,204.16 2 0
github.com/ahmedali6/terraform-provider-dokploy/internal/provider/resource_ai.go:204.16,207.3 2 0
github.com/ahmedali6/terraform-provider-dokploy/internal/provider/resource_ai.go:209.2,218.35 9 0
github.com/ahmedali6/terraform-provider-dokploy/internal/provider/resource_ai.go:221.109,225.33 4 0
github.com/ahmedali6/terraform-provider-dokploy/internal/provider/resource_ai.go:225.33,227.3 1 0
github.com/ahmedali6/terraform-provider-dokploy/internal/provider/resource_ai.go:229.2,230.16 2 0
github.com/ahmedali6/terraform-provider-dokploy/internal/provider/resource_ai.go:230.16,231.135 1 0
github.com/ahmedali6/terraform-provider-dokploy/internal/provider/resource_ai.go:231.135,233.4 1 0
github.com/ahmedali6/terraform-provider-dokploy/internal/provider/resource_ai.go:234.3,235.9 2 0
github.com/ahmedali6/terraform-provider-dokploy/internal/provider/resource_ai.go:239.124,248.2 2 0
github.com/ahmedali6/terraform-provider-dokploy/internal/provider/resource_api_key.go:24.44,26.2 1 1
github.com/ahmedali6/terraform-provider-dokploy/internal/provider/resource_api_key.go:48.117,50.2 1 0
github.com/ahmedali6/terraform-provider-dokploy/internal/provider/resource_api_key.go:52.109,158.2 1 0
github.com/ahmedali6/terraform-provider-dokploy/internal/provider/resource_api_key.go:160.120,161.29 1 0
github.com/ahmedali6/terraform-provider-dokploy/internal/provider/resource_api_key.go:161.29,163.3 1 0
github.com/ahmedali6/terraform-provider-dokploy/internal/provider/resource_api_key.go:164.2,165.9 2 0
github.com/ahmedali6/terraform-provider-dokploy/internal/provider/resource_api_key.go:165.9,168.3 2 0
github.com/ahmedali6/terraform-provider-dokploy/internal/provider/resource_api_key.go:169.2,169.19 1 0
github.com/ahmedali6/terraform-provider-dokploy/internal/provider/resource_api_key.go:172.113,176.33 4 0
github.com/ahmedali6/terraform-provider-dokploy/internal/provider/resource_api_key.go:176.33,178.3 1 0
github.com/ahmedali6/terraform-provider-dokploy/internal/provider/resource_api_key.go:181.2,182.71 2 0
github.com/ahmedali6/terraform-provider-dokploy/internal/provider/resource_api_key.go:182.71,184.3 1 0
github.com/ahmedali6/terraform-provider-dokploy/internal/provider/resource_api_key.go:184.8,186.17 2 0
github.com/ahmedali6/terraform-provider-dokploy/internal/provider/resource_api_key.go:186.17,189.4 2 0
github.com/ahmedali6/terraform-provider-dokploy/internal/provider/resource_api_key.go:190.3,190.30 1 0
github.com/ahmedali6/terraform-provider-dokploy/internal/provider/resource_api_key.go:193.2,200.61 2 0
github.com/ahmedali6/terraform-provider-dokploy/internal/provider/resource_api_key.go:200.61,203.3 2 0
github.com/ahmedali6/terraform-provider-dokploy/internal/provider/resource_api_key.go:205.2,205.75 1 0
github.com/ahmedali6/terraform-provider-dokploy/internal/provider/resource_api_key.go:205.75,208.3 2 0
github.com/ahmedali6/terraform-provider-dokploy/internal/provider/resource_api_key.go:210.2,210.67 1 0
github.com/ahmedali6/terraform-provider-dokploy/internal/provider/resource_api_key.go:210.67,213.3 2 0
github.com/ahmedali6/terraform-provider-dokploy/internal/provider/resource_api_key.go:215.2,215.81 1 0
github.com/ahmedali6/terraform-provider-dokploy/internal/provider/resource_api_key.go:215.81,218.3 2 0
github.com/ahmedali6/terraform-provider-dokploy/internal/provider/resource_api_key.go:220.2,221.16 2 0
github.com/ahmedali6/terraform-provider-dokploy/internal/provider/resource_api_key.go:221.16,224.3 2 0
github.com/ahmedali6/terraform-provider-dokploy/internal/provider/resource_api_key.go:226.2,238.29 12 0
github.com/ahmedali6/terraform-provider-dokploy/internal/provider/resource_api_key.go:238.29,240.3 1 0
github.com/ahmedali6/terraform-provider-dokploy/internal/provider/resource_api_key.go:240.8,242.3 1 0
github.com/ahmedali6/terraform-provider-dokploy/internal/provider/resource_api_key.go:244.2,245.35 2 0
github.com/ahmedali6/terraform-provider-dokploy/internal/provider/resource_api_key.go:248.107,252.33 4 0
github.com/ahmedali6/terraform-provider-dokploy/internal/provider/resource_api_key.go:252.33,254.3 1 0
github.com/ahmedali6/terraform-provider-dokploy/internal/provider/resource_api_key.go:256.2,257.16 2 0
github.com/ahmedali6/terraform-provider-dokploy/internal/provider/resource_api_key.go:257.16,258.135 1 0
github.com/ahmedali6/terraform-provider-dokploy/internal/provider/resource_api_key.go:258.135,261.4 2 0
github.com/ahmedali6/terraform-provider-dokploy/internal/provider/resource_api_key.go:262.3,263.9 2 0
github.com/ahmedali6/terraform-provider-dokploy/internal/provider/resource_api_key.go:268.2,277.29 9 0
github.com/ahmedali6/terraform-provider-dokploy/internal/provider/resource_api_key.go:277.29,279.3 1 0
github.com/ahmedali6/terraform-provider-dokploy/internal/provider/resource_api_key.go:279.8,281.3 1 0
github.com/ahmedali6/terraform-provider-dokploy/internal/provider/resource_api_key.go:283.2,284.35 2 0
github.com/ahmedali6/terraform-provider-dokploy/internal/provider/resource_api_key.go:287.113,294.2 1 0
github.com/ahmedali6/terraform-provider-dokploy/internal/provider/resource_api_key.go:296.113,300.33 4 0
github.com/ahmedali6/terraform-provider-dokploy/internal/provider/resource_api_key.go:300.33,302.3 1 0
github.com/ahmedali6/terraform-provider-dokploy/internal/provider/resource_api_key.go:304.2,305.16 2 0
github.com/ahmedali6/terraform-provider-dokploy/internal/provider/resource_api_key.go:305.16,306.135 1 0
github.com/ahmedali6/terraform-provider-dokploy/internal/provider/resource_api_key.go:306.135,308.4 1 0
github.com/ahmedali6/terraform-provider-dokploy/internal/provider/resource_api_key.go:309.3,310.9 2 0
github.com/ahmedali6/terraform-provider-dokploy/internal/provider/resource_api_key.go:314.128,324.2 2 0
github.com/ahmedali6/terraform-provider-dokploy/internal/provider/resource_application.go:26.49,28.2 1 1
github.com/ahmedali6/terraform-provider-dokploy/internal/provider/resource_application.go:174.122,176.2 1 0
github.com/ahmedali6/terraform-provider-dokploy/internal/provider/resource_application.go:178.114,689.2 1 0
github.com/ahmedali6/terraform-provider-dokploy/internal/provider/resource_application.go:691.125,692.29 1 0
github.com/ahmedali6/terraform-provider-dokploy/internal/provider/resource_application.go:692.29,694.3 1 0
github.com/ahmedali6/terraform-provider-dokploy/internal/provider/resource_application.go:695.2,696.9 2 0
github.com/ahmedali6/terraform-provider-dokploy/internal/provider/resource_application.go:696.9,699.3 2 0
github.com/ahmedali6/terraform-provider-dokploy/internal/provider/resource_application.go:700.2,700.19 1 0
github.com/ahmedali6/terraform-provider-dokploy/internal/provider/resource_application.go:703.118,707.33 4 0
github.com/ahmedali6/terraform-provider-dokploy/internal/provider/resource_application.go:707.33,709.3 1 0
github.com/ahmedali6/terraform-provider-dokploy/internal/provider/resource_application.go:712.2,712.61 1 0
github.com/ahmedali6/terraform-provider-dokploy/internal/provider/resource_application.go:712.61,714.3 1 0
github.com/ahmedali6/terraform-provider-dokploy/internal/provider/resource_application.go:717.2,726.16 3 0
github.com/ahmedali6/terraform-provider-dokploy/internal/provider/resource_application.go:726.16,729.3 2 0
github.com/ahmedali6/terraform-provider-dokploy/internal/provider/resource_application.go:731.2,732.30 2 0
github.com/ahmedali6/terraform-provider-dokploy/internal/provider/resource_application.go:732.30,734.3 1 0
github.com/ahmedali6/terraform-provider-dokploy/internal/provider/resource_application.go:737.2,737.70 1 0
github.com/ahmedali6/terraform-provider-dokploy/internal/provider/resource_application.go:737.70,740.3 2 0
github.com/ahmedali6/terraform-provider-dokploy/internal/provider/resource_application.go:743.2,743.47 1 0
github.com/ahmedali6/terraform-provider-dokploy/internal/provider/resource_application.go:743.47,744.63 1 0
github.com/ahmedali6/terraform-provider-dokploy/internal/provider/resource_application.go:744.63,747.4 2 0
github.com/ahmedali6/terraform-provider-dokploy/internal/provider/resource_application.go:751.2,751.67 1 0
github.com/ahmedali6/terraform-provider-dokploy/internal/provider/resource_application.go:751.67,754.3 2 0
github.com/ahmedali6/terraform-provider-dokploy/internal/provider/resource_application.go:757.2,757.64 1 0
github.com/ahmedali6/terraform-provider-dokploy/internal/provider/resource_application.go:757.64,760.3 2 0
github.com/ahmedali6/terraform-provider-dokploy/internal/provider/resource_application.go:763.2,763.111 1 0
github.com/ahmedali6/terraform-provider-dokploy/internal/provider/resource_application.go:763.111,764.103 1 0
github.com/ahmedali6/terraform-provider-dokploy/internal/provider/resource_application.go:764.103,767.4 2 0
github.com/ahmedali6/terraform-provider-dokploy/internal/provider/resource_application.go:771.2,772.16 2 0
github.com/ahmedali6/terraform-provider-dokploy/internal/provider/resource_application.go:772.16,775.3 2 0
github.com/ahmedali6/terraform-provider-dokploy/internal/provider/resource_application.go:778.2,781.69 2 0
github.com/ahmedali6/terraform-provider-dokploy/internal/provider/resource_application.go:781.69,783.17 2 0
github.com/ahmedali6/terraform-provider-dokploy/internal/provider/resource_application.go:783.17,785.4 1 0
github.com/ahmedali6/terraform-provider-dokploy/internal/provider/resource_application.go:785.9,785.33 1 0
github.com/ahmedali6/terraform-provider-dokploy/internal/provider/resource_application.go:785.33,787.4 1 0
github.com/ahmedali6/terraform-provider-dokploy/internal/provider/resource_application.go:791.2,791.70 1 0
github.com/ahmedali6/terraform-provider-dokploy/internal/provider/resource_application.go:791.70,793.17 2 0
github.com/ahmedali6/terraform-provider-dokploy/internal/provider/resource_application.go:793.17,795.4 1 0
github.com/ahmedali6/terraform-provider-dokploy/internal/provider/resource_application.go:798.2,799.35 2 0
github.com/ahmedali6/terraform-provider-dokploy/internal/provider/resource_application.go:802.112,806.33 4 0
github.com/ahmedali6/terraform-provider-dokploy/internal/provider/resource_application.go:806.33,808.3 1 0
github.com/ahmedali6/terraform-provider-dokploy/internal/provider/resource_application.go:810.2,811.16 2 0
github.com/ahmedali6/terraform-provider-dokploy/internal/provider/resource_application.go:811.16,812.89 1 0
github.com/ahmedali6/terraform-provider-dokploy/internal/provider/resource_application.go:812.89,815.4 2 0
github.com/ahmedali6/terraform-provider-dokploy/internal/provider/resource_application.go:816.3,817.9 2 0
github.com/ahmedali6/terraform-provider-dokploy/internal/provider/resource_application.go:821.2,825.16 3 0
github.com/ahmedali6/terraform-provider-dokploy/internal/provider/resource_application.go:825.16,828.3 1 0
github.com/ahmedali6/terraform-provider-dokploy/internal/provider/resource_application.go:828.8,828.32 1 0
github.com/ahmedali6/terraform-provider-dokploy/internal/provider/resource_application.go:828.32,830.3 1 0
github.com/ahmedali6/terraform-provider-dokploy/internal/provider/resource_application.go:830.8,832.3 1 0
github.com/ahmedali6/terraform-provider-dokploy/internal/provider/resource_application.go:834.2,835.35 2 0
github.com/ahmedali6/terraform-provider-dokploy/internal/provider/resource_application.go:838.118,845.33 7 0
github.com/ahmedali6/terraform-provider-dokploy/internal/provider/resource_application.go:845.33,847.3 1 0
github.com/ahmedali6/terraform-provider-dokploy/internal/provider/resource_application.go:849.2,853.75 3 0
github.com/ahmedali6/terraform-provider-dokploy/internal/provider/resource_application.go:853.75,855.17 2 0
github.com/ahmedali6/terraform-provider-dokploy/internal/provider/resource_application.go:855.17,858.4 2 0
github.com/ahmedali6/terraform-provider-dokploy/internal/provider/resource_application.go:862.2,862.62 1 0
github.com/ahmedali6/terraform-provider-dokploy/internal/provider/resource_application.go:862.62,865.3 2 0
github.com/ahmedali6/terraform-provider-dokploy/internal/provider/resource_application.go:868.2,869.28 2 0
github.com/ahmedali6/terraform-provider-dokploy/internal/provider/resource_application.go:869.28,870.55 1 0
github.com/ahmedali6/terraform-provider-dokploy/internal/provider/resource_application.go:870.55,873.4 2 0
github.com/ahmedali6/terraform-provider-dokploy/internal/provider/resource_application.go:877.2,877.59 1 0
github.com/ahmedali6/terraform-provider-dokploy/internal/provider/resource_application.go:877.59,880.3 2 0
github.com/ahmedali6/terraform-provider-dokploy/internal/provider/resource_application.go:883.2,883.56 1 0
github.com/ahmedali6/terraform-provider-dokploy/internal/provider/resource_application.go:883.56,886.3 2 0
github.com/ahmedali6/terraform-provider-dokploy/internal/provider/resource_application.go:889.2,889.69 1 0
github.com/ahmedali6/terraform-provider-dokploy/internal/provider/resource_application.go:889.69,890.95 1 0
github.com/ahmedali6/terraform-provider-dokploy/internal/provider/resource_application.go:890.95,893.4 2 0
github.com/ahmedali6/terraform-provider-dokploy/internal/provider/resource_application.go:894.8,894.117 1 0
github.com/ahmedali6/terraform-provider-dokploy/internal/provider/resource_application.go:894.117,896.65 1 0
github.com/ahmedali6/terraform-provider-dokploy/internal/provider/resource_application.go:896.65,899.4 2 0
github.com/ahmedali6/terraform-provider-dokploy/internal/provider/resource_application.go:903.2,904.16 2 0
github.com/ahmedali6/terraform-provider-dokploy/internal/provider/resource_application.go:904.16,907.3 2 0
github.com/ahmedali6/terraform-provider-dokploy/internal/provider/resource_application.go:910.2,914.16 3 0
github.com/ahmedali6/terraform-provider-dokploy/internal/provider/resource_application.go:914.16,916.3 1 0
github.com/ahmedali6/terraform-provider-dokploy/internal/provider/resource_application.go:916.8,916.32 1 0
github.com/ahmedali6/terraform-provider-dokploy/internal/provider/resource_application.go:916.32,918.3 1 0
github.com/ahmedali6/terraform-provider-dokploy/internal/provider/resource_application.go:918.8,920.3 1 0
github.com/ahmedali6/terraform-provider-dokploy/internal/provider/resource_application.go:922.2,923.35 2 0
github.com/ahmedali6/terraform-provider-dokploy/internal/provider/resource_application.go:926.118,930.33 4 0
[...]
github.com/ahmedali6/terraform-provider-dokploy/internal/provider/resource_ssh_key.go:92.2,98.16 2 0
github.com/ahmedali6/terraform-provider-dokploy/internal/provider/resource_ssh_key.go:98.16,101.3 2 0
github.com/ahmedali6/terraform-provider-dokploy/internal/provider/resource_ssh_key.go:103.2,106.35 3 0
github.com/ahmedali6/terraform-provider-dokploy/internal/provider/resource_ssh_key.go:109.107,113.33 4 0
github.com/ahmedali6/terraform-provider-dokploy/internal/provider/resource_ssh_key.go:113.33,115.3 1 0
github.com/ahmedali6/terraform-provider-dokploy/internal/provider/resource_ssh_key.go:117.2,118.16 2 0
github.com/ahmedali6/terraform-provider-dokploy/internal/provider/resource_ssh_key.go:118.16,119.89 1 0
github.com/ahmedali6/terraform-provider-dokploy/internal/provider/resource_ssh_key.go:119.89,122.4 2 0
github.com/ahmedali6/terraform-provider-dokploy/internal/provider/resource_ssh_key.go:123.3,124.9 2 0
github.com/ahmedali6/terraform-provider-dokploy/internal/provider/resource_ssh_key.go:127.2,129.58 2 0
github.com/ahmedali6/terraform-provider-dokploy/internal/provider/resource_ssh_key.go:129.58,131.3 1 0
github.com/ahmedali6/terraform-provider-dokploy/internal/provider/resource_ssh_key.go:134.2,134.69 1 0
github.com/ahmedali6/terraform-provider-dokploy/internal/provider/resource_ssh_key.go:134.69,136.3 1 0
github.com/ahmedali6/terraform-provider-dokploy/internal/provider/resource_ssh_key.go:137.2,137.71 1 0
github.com/ahmedali6/terraform-provider-dokploy/internal/provider/resource_ssh_key.go:137.71,139.3 1 0
github.com/ahmedali6/terraform-provider-dokploy/internal/provider/resource_ssh_key.go:141.2,142.35 2 0
github.com/ahmedali6/terraform-provider-dokploy/internal/provider/resource_ssh_key.go:145.113,149.33 4 0
github.com/ahmedali6/terraform-provider-dokploy/internal/provider/resource_ssh_key.go:149.33,151.3 1 0
github.com/ahmedali6/terraform-provider-dokploy/internal/provider/resource_ssh_key.go:153.2,156.33 4 0
github.com/ahmedali6/terraform-provider-dokploy/internal/provider/resource_ssh_key.go:156.33,158.3 1 0
github.com/ahmedali6/terraform-provider-dokploy/internal/provider/resource_ssh_key.go:161.2,166.16 2 0
github.com/ahmedali6/terraform-provider-dokploy/internal/provider/resource_ssh_key.go:166.16,169.3 2 0
github.com/ahmedali6/terraform-provider-dokploy/internal/provider/resource_ssh_key.go:172.2,173.16 2 0
github.com/ahmedali6/terraform-provider-dokploy/internal/provider/resource_ssh_key.go:173.16,176.3 2 0
github.com/ahmedali6/terraform-provider-dokploy/internal/provider/resource_ssh_key.go:179.2,182.67 4 0
github.com/ahmedali6/terraform-provider-dokploy/internal/provider/resource_ssh_key.go:182.67,184.3 1 0
github.com/ahmedali6/terraform-provider-dokploy/internal/provider/resource_ssh_key.go:187.2,191.35 4 0
github.com/ahmedali6/terraform-provider-dokploy/internal/provider/resource_ssh_key.go:194.113,198.33 4 0
github.com/ahmedali6/terraform-provider-dokploy/internal/provider/resource_ssh_key.go:198.33,200.3 1 0
github.com/ahmedali6/terraform-provider-dokploy/internal/provider/resource_ssh_key.go:202.2,203.16 2 0
github.com/ahmedali6/terraform-provider-dokploy/internal/provider/resource_ssh_key.go:203.16,204.89 1 0
github.com/ahmedali6/terraform-provider-dokploy/internal/provider/resource_ssh_key.go:204.89,206.4 1 0
github.com/ahmedali6/terraform-provider-dokploy/internal/provider/resource_ssh_key.go:207.3,208.9 2 0
github.com/ahmedali6/terraform-provider-dokploy/internal/provider/resource_ssh_key.go:212.128,214.2 1 0
github.com/ahmedali6/terraform-provider-dokploy/internal/provider/resource_user_permissions.go:21.53,23.2 1 1
github.com/ahmedali6/terraform-provider-dokploy/internal/provider/resource_user_permissions.go:48.126,50.2 1 0
github.com/ahmedali6/terraform-provider-dokploy/internal/provider/resource_user_permissions.go:52.118,156.2 1 0
github.com/ahmedali6/terraform-provider-dokploy/internal/provider/resource_user_permissions.go:158.129,159.29 1 0
github.com/ahmedali6/terraform-provider-dokploy/internal/provider/resource_user_permissions.go:159.29,161.3 1 0
github.com/ahmedali6/terraform-provider-dokploy/internal/provider/resource_user_permissions.go:162.2,163.9 2 0
github.com/ahmedali6/terraform-provider-dokploy/internal/provider/resource_user_permissions.go:163.9,166.3 2 0
github.com/ahmedali6/terraform-provider-dokploy/internal/provider/resource_user_permissions.go:167.2,167.19 1 0
github.com/ahmedali6/terraform-provider-dokploy/internal/provider/resource_user_permissions.go:170.122,174.33 4 0
github.com/ahmedali6/terraform-provider-dokploy/internal/provider/resource_user_permissions.go:174.33,176.3 1 0
github.com/ahmedali6/terraform-provider-dokploy/internal/provider/resource_user_permissions.go:179.2,181.75 2 0
github.com/ahmedali6/terraform-provider-dokploy/internal/provider/resource_user_permissions.go:181.75,184.34 3 0
github.com/ahmedali6/terraform-provider-dokploy/internal/provider/resource_user_permissions.go:184.34,186.4 1 0
github.com/ahmedali6/terraform-provider-dokploy/internal/provider/resource_user_permissions.go:187.8,189.3 1 0
github.com/ahmedali6/terraform-provider-dokploy/internal/provider/resource_user_permissions.go:191.2,191.83 1 0
github.com/ahmedali6/terraform-provider-dokploy/internal/provider/resource_user_permissions.go:191.83,194.34 3 0
github.com/ahmedali6/terraform-provider-dokploy/internal/provider/resource_user_permissions.go:194.34,196.4 1 0
github.com/ahmedali6/terraform-provider-dokploy/internal/provider/resource_user_permissions.go:197.8,199.3 1 0
github.com/ahmedali6/terraform-provider-dokploy/internal/provider/resource_user_permissions.go:201.2,201.75 1 0
github.com/ahmedali6/terraform-provider-dokploy/internal/provider/resource_user_permissions.go:201.75,204.34 3 0
github.com/ahmedali6/terraform-provider-dokploy/internal/provider/resource_user_permissions.go:204.34,206.4 1 0
github.com/ahmedali6/terraform-provider-dokploy/internal/provider/resource_user_permissions.go:207.8,209.3 1 0
github.com/ahmedali6/terraform-provider-dokploy/internal/provider/resource_user_permissions.go:211.2,230.16 3 0
github.com/ahmedali6/terraform-provider-dokploy/internal/provider/resource_user_permissions.go:230.16,233.3 2 0
github.com/ahmedali6/terraform-provider-dokploy/internal/provider/resource_user_permissions.go:236.2,237.16 2 0
github.com/ahmedali6/terraform-provider-dokploy/internal/provider/resource_user_permissions.go:237.16,240.3 2 0
github.com/ahmedali6/terraform-provider-dokploy/internal/provider/resource_user_permissions.go:242.2,258.33 15 0
github.com/ahmedali6/terraform-provider-dokploy/internal/provider/resource_user_permissions.go:258.33,260.3 1 0
github.com/ahmedali6/terraform-provider-dokploy/internal/provider/resource_user_permissions.go:261.2,265.33 4 0
github.com/ahmedali6/terraform-provider-dokploy/internal/provider/resource_user_permissions.go:265.33,267.3 1 0
github.com/ahmedali6/terraform-provider-dokploy/internal/provider/resource_user_permissions.go:268.2,272.33 4 0
github.com/ahmedali6/terraform-provider-dokploy/internal/provider/resource_user_permissions.go:272.33,274.3 1 0
github.com/ahmedali6/terraform-provider-dokploy/internal/provider/resource_user_permissions.go:275.2,278.35 3 0
github.com/ahmedali6/terraform-provider-dokploy/internal/provider/resource_user_permissions.go:281.116,285.33 4 0
github.com/ahmedali6/terraform-provider-dokploy/internal/provider/resource_user_permissions.go:285.33,287.3 1 0
github.com/ahmedali6/terraform-provider-dokploy/internal/provider/resource_user_permissions.go:289.2,290.16 2 0
github.com/ahmedali6/terraform-provider-dokploy/internal/provider/resource_user_permissions.go:290.16,291.135 1 0
github.com/ahmedali6/terraform-provider-dokploy/internal/provider/resource_user_permissions.go:291.135,294.4 2 0
github.com/ahmedali6/terraform-provider-dokploy/internal/provider/resource_user_permissions.go:295.3,296.9 2 0
github.com/ahmedali6/terraform-provider-dokploy/internal/provider/resource_user_permissions.go:299.2,315.33 15 0
github.com/ahmedali6/terraform-provider-dokploy/internal/provider/resource_user_permissions.go:315.33,317.3 1 0
github.com/ahmedali6/terraform-provider-dokploy/internal/provider/resource_user_permissions.go:318.2,322.33 4 0
github.com/ahmedali6/terraform-provider-dokploy/internal/provider/resource_user_permissions.go:322.33,324.3 1 0
github.com/ahmedali6/terraform-provider-dokploy/internal/provider/resource_user_permissions.go:325.2,329.33 4 0
github.com/ahmedali6/terraform-provider-dokploy/internal/provider/resource_user_permissions.go:329.33,331.3 1 0
github.com/ahmedali6/terraform-provider-dokploy/internal/provider/resource_user_permissions.go:332.2,335.35 3 0
github.com/ahmedali6/terraform-provider-dokploy/internal/provider/resource_user_permissions.go:338.122,342.33 4 0
github.com/ahmedali6/terraform-provider-dokploy/internal/provider/resource_user_permissions.go:342.33,344.3 1 0
github.com/ahmedali6/terraform-provider-dokploy/internal/provider/resource_user_permissions.go:347.2,349.75 2 0
github.com/ahmedali6/terraform-provider-dokploy/internal/provider/resource_user_permissions.go:349.75,352.34 3 0
github.com/ahmedali6/terraform-provider-dokploy/internal/provider/resource_user_permissions.go:352.34,354.4 1 0
github.com/ahmedali6/terraform-provider-dokploy/internal/provider/resource_user_permissions.go:355.8,357.3 1 0
github.com/ahmedali6/terraform-provider-dokploy/internal/provider/resource_user_permissions.go:359.2,359.83 1 0
github.com/ahmedali6/terraform-provider-dokploy/internal/provider/resource_user_permissions.go:359.83,362.34 3 0
github.com/ahmedali6/terraform-provider-dokploy/internal/provider/resource_user_permissions.go:362.34,364.4 1 0
github.com/ahmedali6/terraform-provider-dokploy/internal/provider/resource_user_permissions.go:365.8,367.3 1 0
github.com/ahmedali6/terraform-provider-dokploy/internal/provider/resource_user_permissions.go:369.2,369.75 1 0
github.com/ahmedali6/terraform-provider-dokploy/internal/provider/resource_user_permissions.go:369.75,372.34 3 0
github.com/ahmedali6/terraform-provider-dokploy/internal/provider/resource_user_permissions.go:372.34,374.4 1 0
github.com/ahmedali6/terraform-provider-dokploy/internal/provider/resource_user_permissions.go:375.8,377.3 1 0
github.com/ahmedali6/terraform-provider-dokploy/internal/provider/resource_user_permissions.go:379.2,398.16 3 0
github.com/ahmedali6/terraform-provider-dokploy/internal/provider/resource_user_permissions.go:398.16,401.3 2 0
github.com/ahmedali6/terraform-provider-dokploy/internal/provider/resource_user_permissions.go:404.2,405.16 2 0
github.com/ahmedali6/terraform-provider-dokploy/internal/provider/resource_user_permissions.go:405.16,408.3 2 0
github.com/ahmedali6/terraform-provider-dokploy/internal/provider/resource_user_permissions.go:410.2,426.33 15 0
github.com/ahmedali6/terraform-provider-dokploy/internal/provider/resource_user_permissions.go:426.33,428.3 1 0
github.com/ahmedali6/terraform-provider-dokploy/internal/provider/resource_user_permissions.go:429.2,433.33 4 0
github.com/ahmedali6/terraform-provider-dokploy/internal/provider/resource_user_permissions.go:433.33,435.3 1 0
github.com/ahmedali6/terraform-provider-dokploy/internal/provider/resource_user_permissions.go:436.2,440.33 4 0
github.com/ahmedali6/terraform-provider-dokploy/internal/provider/resource_user_permissions.go:440.33,442.3 1 0
github.com/ahmedali6/terraform-provider-dokploy/internal/provider/resource_user_permissions.go:443.2,446.35 3 0
github.com/ahmedali6/terraform-provider-dokploy/internal/provider/resource_user_permissions.go:449.122,453.33 4 0
github.com/ahmedali6/terraform-provider-dokploy/internal/provider/resource_user_permissions.go:453.33,455.3 1 0
github.com/ahmedali6/terraform-provider-dokploy/internal/provider/resource_user_permissions.go:458.2,477.16 3 0
github.com/ahmedali6/terraform-provider-dokploy/internal/provider/resource_user_permissions.go:477.16,479.135 1 0
github.com/ahmedali6/terraform-provider-dokploy/internal/provider/resource_user_permissions.go:479.135,481.4 1 0
github.com/ahmedali6/terraform-provider-dokploy/internal/provider/resource_user_permissions.go:482.3,483.9 2 0
github.com/ahmedali6/terraform-provider-dokploy/internal/provider/resource_user_permissions.go:487.137,491.2 2 0
github.com/ahmedali6/terraform-provider-dokploy/internal/provider/resource_volume_backup.go:24.50,26.2 1 1
github.com/ahmedali6/terraform-provider-dokploy/internal/provider/resource_volume_backup.go:49.123,51.2 1 0
github.com/ahmedali6/terraform-provider-dokploy/internal/provider/resource_volume_backup.go:53.115,136.2 1 0
github.com/ahmedali6/terraform-provider-dokploy/internal/provider/resource_volume_backup.go:138.126,139.29 1 0
github.com/ahmedali6/terraform-provider-dokploy/internal/provider/resource_volume_backup.go:139.29,141.3 1 0
github.com/ahmedali6/terraform-provider-dokploy/internal/provider/resource_volume_backup.go:142.2,143.9 2 0
github.com/ahmedali6/terraform-provider-dokploy/internal/provider/resource_volume_backup.go:143.9,146.3 2 0
github.com/ahmedali6/terraform-provider-dokploy/internal/provider/resource_volume_backup.go:147.2,147.19 1 0
github.com/ahmedali6/terraform-provider-dokploy/internal/provider/resource_volume_backup.go:150.119,154.33 4 0
github.com/ahmedali6/terraform-provider-dokploy/internal/provider/resource_volume_backup.go:154.33,156.3 1 0
github.com/ahmedali6/terraform-provider-dokploy/internal/provider/resource_volume_backup.go:159.2,159.120 1 0
github.com/ahmedali6/terraform-provider-dokploy/internal/provider/resource_volume_backup.go:159.120,165.3 2 0
github.com/ahmedali6/terraform-provider-dokploy/internal/provider/resource_volume_backup.go:167.2,180.72 2 0
github.com/ahmedali6/terraform-provider-dokploy/internal/provider/resource_volume_backup.go:180.72,183.3 2 0
github.com/ahmedali6/terraform-provider-dokploy/internal/provider/resource_volume_backup.go:186.2,187.40 2 0
github.com/ahmedali6/terraform-provider-dokploy/internal/provider/resource_volume_backup.go:188.21,189.36 1 0
github.com/ahmedali6/terraform-provider-dokploy/internal/provider/resource_volume_backup.go:190.18,191.33 1 0
github.com/ahmedali6/terraform-provider-dokploy/internal/provider/resource_volume_backup.go:192.15,193.30 1 0
github.com/ahmedali6/terraform-provider-dokploy/internal/provider/resource_volume_backup.go:194.17,195.32 1 0
github.com/ahmedali6/terraform-provider-dokploy/internal/provider/resource_volume_backup.go:196.15,197.30 1 0
github.com/ahmedali6/terraform-provider-dokploy/internal/provider/resource_volume_backup.go:198.15,199.30 1 0
github.com/ahmedali6/terraform-provider-dokploy/internal/provider/resource_volume_backup.go:200.17,201.32 1 0
github.com/ahmedali6/terraform-provider-dokploy/internal/provider/resource_volume_backup.go:204.2,205.16 2 0
github.com/ahmedali6/terraform-provider-dokploy/internal/provider/resource_volume_backup.go:205.16,208.3 2 0
github.com/ahmedali6/terraform-provider-dokploy/internal/provider/resource_volume_backup.go:210.2,216.62 6 0
github.com/ahmedali6/terraform-provider-dokploy/internal/provider/resource_volume_backup.go:216.62,218.3 1 0
github.com/ahmedali6/terraform-provider-dokploy/internal/provider/resource_volume_backup.go:220.2,221.35 2 0
github.com/ahmedali6/terraform-provider-dokploy/internal/provider/resource_volume_backup.go:224.113,228.33 4 0
github.com/ahmedali6/terraform-provider-dokploy/internal/provider/resource_volume_backup.go:228.33,230.3 1 0
github.com/ahmedali6/terraform-provider-dokploy/internal/provider/resource_volume_backup.go:232.2,233.16 2 0
github.com/ahmedali6/terraform-provider-dokploy/internal/provider/resource_volume_backup.go:233.16,234.89 1 0
github.com/ahmedali6/terraform-provider-dokploy/internal/provider/resource_volume_backup.go:234.89,237.4 2 0
github.com/ahmedali6/terraform-provider-dokploy/internal/provider/resource_volume_backup.go:238.3,239.9 2 0
github.com/ahmedali6/terraform-provider-dokploy/internal/provider/resource_volume_backup.go:242.2,255.28 12 0
github.com/ahmedali6/terraform-provider-dokploy/internal/provider/resource_volume_backup.go:256.21,257.34 1 0
github.com/ahmedali6/terraform-provider-dokploy/internal/provider/resource_volume_backup.go:257.34,259.4 1 0
github.com/ahmedali6/terraform-provider-dokploy/internal/provider/resource_volume_backup.go:260.18,261.31 1 0
github.com/ahmedali6/terraform-provider-dokploy/internal/provider/resource_volume_backup.go:261.31,263.4 1 0
github.com/ahmedali6/terraform-provider-dokploy/internal/provider/resource_volume_backup.go:264.15,265.28 1 0
github.com/ahmedali6/terraform-provider-dokploy/internal/provider/resource_volume_backup.go:265.28,267.4 1 0
github.com/ahmedali6/terraform-provider-dokploy/internal/provider/resource_volume_backup.go:268.17,269.30 1 0
github.com/ahmedali6/terraform-provider-dokploy/internal/provider/resource_volume_backup.go:269.30,271.4 1 0
github.com/ahmedali6/terraform-provider-dokploy/internal/provider/resource_volume_backup.go:272.15,273.28 1 0
github.com/ahmedali6/terraform-provider-dokploy/internal/provider/resource_volume_backup.go:273.28,275.4 1 0
github.com/ahmedali6/terraform-provider-dokploy/internal/provider/resource_volume_backup.go:276.15,277.28 1 0
github.com/ahmedali6/terraform-provider-dokploy/internal/provider/resource_volume_backup.go:277.28,279.4 1 0
github.com/ahmedali6/terraform-provider-dokploy/internal/provider/resource_volume_backup.go:280.17,281.30 1 0
github.com/ahmedali6/terraform-provider-dokploy/internal/provider/resource_volume_backup.go:281.30,283.4 1 0
github.com/ahmedali6/terraform-provider-dokploy/internal/provider/resource_volume_backup.go:286.2,286.60 1 0
github.com/ahmedali6/terraform-provider-dokploy/internal/provider/resource_volume_backup.go:286.60,288.3 1 0
github.com/ahmedali6/terraform-provider-dokploy/internal/provider/resource_volume_backup.go:288.8,290.3 1 0
github.com/ahmedali6/terraform-provider-dokploy/internal/provider/resource_volume_backup.go:292.2,293.35 2 0
github.com/ahmedali6/terraform-provider-dokploy/internal/provider/resource_volume_backup.go:296.119,300.33 4 0
github.com/ahmedali6/terraform-provider-dokploy/internal/provider/resource_volume_backup.go:300.33,302.3 1 0
github.com/ahmedali6/terraform-provider-dokploy/internal/provider/resource_volume_backup.go:304.2,307.33 4 0
github.com/ahmedali6/terraform-provider-dokploy/internal/provider/resource_volume_backup.go:307.33,309.3 1 0
github.com/ahmedali6/terraform-provider-dokploy/internal/provider/resource_volume_backup.go:311.2,323.72 2 0
github.com/ahmedali6/terraform-provider-dokploy/internal/provider/resource_volume_backup.go:323.72,326.3 2 0
github.com/ahmedali6/terraform-provider-dokploy/internal/provider/resource_volume_backup.go:328.2,329.16 2 0
github.com/ahmedali6/terraform-provider-dokploy/internal/provider/resource_volume_backup.go:329.16,332.3 2 0
github.com/ahmedali6/terraform-provider-dokploy/internal/provider/resource_volume_backup.go:334.2,344.62 10 0
github.com/ahmedali6/terraform-provider-dokploy/internal/provider/resource_volume_backup.go:344.62,346.3 1 0
github.com/ahmedali6/terraform-provider-dokploy/internal/provider/resource_volume_backup.go:348.2,349.35 2 0
github.com/ahmedali6/terraform-provider-dokploy/internal/provider/resource_volume_backup.go:352.119,356.33 4 0
github.com/ahmedali6/terraform-provider-dokploy/internal/provider/resource_volume_backup.go:356.33,358.3 1 0
github.com/ahmedali6/terraform-provider-dokploy/internal/provider/resource_volume_backup.go:360.2,361.16 2 0
github.com/ahmedali6/terraform-provider-dokploy/internal/provider/resource_volume_backup.go:361.16,362.89 1 0
github.com/ahmedali6/terraform-provider-dokploy/internal/provider/resource_volume_backup.go:362.89,364.4 1 0
github.com/ahmedali6/terraform-provider-dokploy/internal/provider/resource_volume_backup.go:365.3,366.9 2 0
github.com/ahmedali6/terraform-provider-dokploy/internal/provider/resource_volume_backup.go:370.134,372.2 1 0
